[   0.000000] Initializing cgroup subsys cpuset
[    0.000000] Initializing cgroup subsys cpu
[    0.000000] Initializing cgroup subsys cpuacct
[   .0000] Linux version 4.4.0-34-generic (builddlg01-20) (gcc version 5.3.1 20160413 (Ubuntu 5.3.1-14ubuntu2.1) ) #53-Ubuntu SMP Wed Jul 27 16:06:39 UTC 2016 (Ubuntu 4.4.0-34.53-generic .415)
[    0.000000] Command line: BOOT_IMAGE=/boot/vmlinuz-4.4.0-34-generic root=LABEL=cloudimg-rootfs ro console=tty1 consle=ttyS0
[    0.000000] KERNEL supported cpus:
[    0.000000]   Intel GenuineIntel
[    0.000000]  AMD AuthenticAMD
[    0.000000]   Centaur CentaurHauls
[    .000000] x86/fu: xstate_offset[2]:  576, xstate_sizes[2]:  256
[    0.000000] x86/fpu: Supporting XSAVE feature 0x01: 'x87 floating point registers'
[    0.000000] 86/fpu: Supporting XSAVE feature 0x02: 'SSE registers'
[    0.000000] x86/fpu: Supporting XSAVE feature 0x04: 'AVX registers'
[    0.000000] x86/fpu: Enabled xstate features 0x7, context sie is 832 bytes, using 'standard' format.
[    0.000000] x86/fpu: Using 'lazy' FPU context switches.
[    0.000000] e820: BIOS-provided phsial RAM map:
[   0.00000] BIOS-e820: [mem 0x0000000000000000-0x000000000009fbff] usable
[    0.000000] BIOS-e820: [mem 0x000000000009fc00-0x000000000009ffff] reserved
[    0.000000] BIOS-e820: [mem 0x00000000000f0000-0x00000000000fffff] reserved
[    0.000000] BIOS-e820: [mem 0x0000000000100000-0x00000000dffeffff] usable
[    0.000000] BIOS-e820: [mem 0x00000000dfff0000-0x00000000dfffffff] ACPI data
[    0.000000] BIOS-e820: [mem 0x00000000fffc0000-0x00000000fffff]reerrved
[    0.000000] BIOS-e820: [mem 0x00000100000-0x00000001fffff uable[   0.000000 NX (Execute Disable) protection: active
[    0.000000] SMBIOS 2.5 present.
[    0.000000] Hyervisor detected: KVM
[    0.000000] e820: last_pfn = 0x120000 max_arc_pn  040000000[   0.000000] x86/PAT: Configuration [0-7]: WB  WC UC- UC  WB  WC UC- WT  
[    0.000000] MTRR: Disabled
[    0.000000] CPU MTRRs all blank - virtualized system.
[    0.000000] e820: last_pfn = 0xdfff0 max_arch_pfn = 0x400000000
[    0.000000] found SMP MP-table at [mem 0x0009fff0-0x0009ffff] mapped at [ffff88000009fff0]
[    0.000000] Scanning 1 areas for low memory corruption
[    0.000000] RAMDISK: [mem 0x371b4000-0x378d1fff]
[    0.000000] ACPI: Early table checksum verification disabled
[    0.000000] ACPI: RSDP 0x00000000000E0000 000024 (v02 VBOX  )
[    0.000000] ACPI: XSDT 0x00000000DFFF0030 00003C (v01 VBOX   VBOXXSDT 00000001 ASL  00000061)
[    0.000000] ACPI: FACP 0x00000000DFFF00F0 0000F4 (v04 VBOX   VBOXFACP 00000001 ASL  00000061)
[    0.000000] ACPI: DSDT 0x00000000DFFF0470 002106 (v01 VBOX   VBOXBIOS 00000002 INTL 20100528)
[    0.000000] ACPI: FACS 0x00000000DFFF0200 000040
[    0.000000] ACPI: FACS 0x00000000DFFF0200 000040
[    0.000000] ACPI: APIC 0x00000000DFFF0240 00005C (v02 VBOX   VBOXAPIC 00000001 ASL  00000061)
[    0.000000] ACPI: SSDT 0x00000000DFFF02A0 0001CC (v01 VBOX   VBOXCPUT 00000002 INTL 20100528)
[    0.000000] No NUMA configuration found
[    0.000000] Faking a node at [mem 0x0000000000000000-0x000000011fffffff]
[    0.000000] NODE_DATA(0)allocated [mem 0x11fff7000-0x11fffbfff]
[    0.000000] kvm-clock: Using msrs 4b564d01 and 4b564d00
[    0.000000] kvm-clok: cpu 0, msr 1:1fff3001, primary cpu clock
[    0.000000] kvm-clock: using sched offset of 3282912160 cycles
[    0.000000] clocksource: kvm-clock: mask: 0xffffffffffffffff max_cycles: 0x1cd42e4dffb, max_idle_ns:88909183 ns
[    0.000000] Zone ranges:
[    0.000000]   DMA      [mem 0x0000000000001000-0x0000000000ffffff]
[    0.000000]   DMA32    [mem 0x0000000001000000-0x00000000ffffffff]
[    0.000000]   Norml  [em0x000000100000000-0x000000011fffffff]
[    0.000000]   Device   empty
[    0.000000] Movable zone start for each node
[   .000000] Early memory node ranges
[  0.000000]   node   0: [mem 0x0000000001000-0x000000000009efff]
[    0.000000]   node   0: [mem 0x0000000000100000-0x00000000dffeffff]
[    0.000000]   node   0: [mem 0x0000000100000000-0x00000001fffffff]
[   .0000]Initmem setup node 0 [mem 0x0000000000001000-0x000000011fffffff]
[    0.000000] ACPI: PM-Timer IO Port: 0x4008
[    .000000] IOAPC[]:apc_i 2 vrsion 17, address 0xfec00000, GSI 0-23
[    0.000000] ACPI: INT_SRC_OVR (bus 0 bus_irq 0 global_irq 2 dfl dfl)
[    0.000000] ACPI: INT_SRC_OVR (bus 0 bus_irq 9 global_irq 9 high level)
[    0.000000] Using ACPI (MADT) for SMP configuration information
[    0.000000] smpboot: Allowing 2 CPUs, 0 hotplug CPUs
[    0.0000 P: Registered nosave memory: [mem 0x00000000-0x00000fff]
[    0.000000] PM: Registered nosave memory: [mem 0x0009f000-0x0009ffff]
[    0.000000] PM: Registered nosave memory: [mem 0x000a0000-0x000effff]
[    0.000000] PM: Reistered nosave memry: [mem 0x000f0000-0x000fffff]
[    0.000000] PM: Registered nosave memory: [mem 0xdfff0000-0xdfffffff]
[    0.000000] PM: Registered nosave memory: [mem 0xe0000000-0xfffbffff]
[    0.000000] PM: Regstred nosve memory: [mem 0xfffc0000-0xffffffff]
[    .000] e820: [mem 0xe0000000-0xfffbffff] available for PCI devices
[    0.000000] Booting paravirtualized kernel on KVM
[    0.000000] clocksource: refined-jiffies: mask:0xffffffff max_cycles: 0xffffffff, max_idle_ns: 7645519600211568 ns
[    0.000000] setup_percpu: NR_CPUS:25 n_cmask_bits:256 nr_cpu_ids:2 nr_node_ids:1
[    0.000000] PERCP: Ebedded33 pages/cpu @ffff88011fc00000 s98008 r8192 d28968 u1048576
[    0.00000] PVqsinckhash tbl etres: 26 orer 0, 4096 bytes)
[    0.000000] Bilt 1zonelists in Node rder, mobility grouping on.  Total pages: 1032057
[    0.000000] Policy zone: Normal
[    0.000000] Kernel command line: BOOT_IMAGE=/boot/vmlinuz-4.4.0-34-generic root=LABEL=cloudimg-rootfs o onole=ty cnsole=ttyS0
[    0.000000] PID hash table entries: 4096 (order: 3, 32768 bytes)
[    0.0000] Memory: 4035864K/4193848K available (8394K kernel code, 1282K rwdata, 3944K rodata, 1480K init, 1292K bss, 157984K reserved, 0K cma-reserved)
[    0.000000] SLUB: HWalign=64, Order=0-3, MinObjects=0, CPUs=2, Nodes=1
[    0.000000] Hierarchical RCU implementation.
[    0.000000] 	Build-time adjustment of leaf fanout to 64.
[    0.000000] 	RCU restricting CPUs from NR_CPUS=256 to nr_cpu_ids=2.
[    0.000000] RCU: Adusin geometry for rcu_fanout_leaf=64, nr_cpu_ids=2
[    0.000000] NR_IRQS:16640 n_irqs:40 1
[    0.000000] Console: colour VGA+ 80x25
[    0.000000] console [tty1] enabled
[    0.000] console [ttyS0] enabled
[    0.000000] tsc: Detected 3491.910 MHz processor
[    2.141055] Calibrating delay loop (skipped) preset value..  6983.82 BogoMIPS (lpj=13967640)
[    2.142568] pid_max: default: 32768 minimum: 301
[    2.145254] ACPI: Core revision 20150930
[    2.146653] ACPI: 2 ACPI AML tables successfully acquired and loaded
[    2.147686] Security Framework initialized
[    2.148298] Yama: becoming mindful.
[    2.148923] AppArmor: AppArmor initialized
[    2.154224] Dentry cache hash table entries: 524288 (order: 10, 4194304 bytes)
[    2.184392] Inode-cache hash table entries: 262144 (order: 9, 2097152 bytes)
[    2.194577] Mount-cache hash table entries: 8192 (order: 4, 65536 bytes)
[    2.211477] Mountpoint-cache hash table entries: 8192 (order: 4, 65536 bytes)
[    2.234529] Initializing cgroup subsys io
[    2.235704] Initializing cgroup subsys memory
[    2.236505] Initializing cgroup subsys devices
[    2.237225] Initializing cgroup subsys freezer
[    2.242983] Initializing cgroup subsys net_cls
[    2.264539] Initializing cgroup subsys perf_event
[    2.267812] Initializing cgroup subsys net_prio
[    2.268811] Initializing cgroup subsys hugetlb
[    2.276894] Initializing cgroup subsys pids
[    2.297101] CPU: Physical Processor ID: 0
[    2.309092] CPU: Processor Core ID: 0
[    2.310569] mce: CPU supports 0 MCE banks
[    2.317060] Last level iTLB entries: 4KB 1024, 2MB 1024, 4MB 1024
[    2.318101] Last level dTLB entries: 4KB 1024, 2MB 1024, 4MB 1024, 1GB 4
[    2.320698] Freeing SMP alternatives memory: 28K (ffffffff820b4000 - ffffffff820bb000)
[    2.328907] ftrace: allocating 31994 entries in 125 pages
[    2.365856] smpboot: Max logical packages: 1
[    2.366923] smpboot: APIC(0) Converting physical 0 to logical package 0
[    2.382374] ..TIMER: vector=0x30 apic1=0 pin1=2 apic2=-1 pin2=-1
[    2.508717] smpboot: CPU0: Intel(R) Core(TM) i5-4690K CPU @ 3.50GHz (family: 0x6, model: 0x3c, stepping: 0x3)
[    2.533408] Performance Events: unsupported p6 CPU model 60 no PMU driver, software events only.
[    2.538447] KVM setup paravirtual spinlock
[    2.544609] x86: Booting SMP configuration:
[    2.557834] .... node  #0, CPUs:      #1
[    2.561347] kvm-clock: cpu 1, msr 1:1fff3041, secondary cpu clock
[    2.584047] mce: CPU supports 0 MCE banks
[    2.604315] x86: Booted up 1 node, 2 CPUs
[    2.614263] smpboot: Total of 2 processors activated (13967.64 BogoMIPS)
[    2.626886] devtmpfs: initialized
[    2.630698] evm: security.selinux
[    2.633165] evm: security.SMACK64
[    2.636650] evm: security.SMACK64EXEC
[    2.637235] evm: security.SMACK64TRANSMUTE
[    2.637833] evm: security.SMACK64MMAP
[    2.639686] evm: security.ima
[    2.640194] evm: security.capability
[    2.640975] clocksource: jiffies: mask: 0xffffffff max_cycles: 0xffffffff, max_idle_ns: 7645041785100000 ns
[    2.650167] pinctrl core: initialized pinctrl subsystem
[    2.660055] RTC time: 22:42:50, date: 08/19/16
[    2.674731] NET: Registered protocol family 16
[    2.694183] cpuidle: using governor ladder
[    2.709745] cpuidle: using governor menu
[    2.716419] PCCT header not found.
[    2.721234] ACPI: bus type PCI registered
[    2.724888] acpiphp: ACPI Hot Plug PCI Controller Driver version: 0.5
[    2.728347] PCI: Using configuration type 1 for base access
[    2.747361] ACPI: Added _OSI(Module Device)
[    2.754258] ACPI: Added _OSI(Processor Device)
[    2.760837] ACPI: Added _OSI(3.0 _SCP Extensions)
[    2.761535] ACPI: Added _OSI(Processor Aggregator Device)
[    2.762826] ACPI: Executed 1 blocks of module-level executable AML code
[    2.772176] ACPI: Interpreter enabled
[    2.786555] ACPI Exception: AE_NOT_FOUND, While evaluating Sleep State [\_S1_] (20150930/hwxface-580)
[    2.789734] ACPI Exception: AE_NOT_FOUND, While evaluating Sleep State [\_S2_] (20150930/hwxface-580)
[    2.809882] ACPI Exception: AE_NOT_FOUND, While evaluating Sleep State [\_S3_] (20150930/hwxface-580)
[    2.817320] ACPI Exception: AE_NOT_FOUND, While evaluating Sleep State [\_S4_] (20150930/hwxface-580)
[    2.826895] ACPI: (supports S0 S5)
[    2.830955] ACPI: Using IOAPIC for interrupt routing
[    2.833556] PCI: Using host bridge windows from ACPI; if necessary, use "pci=nocrs" and report a bug
[    2.843960] ACPI: PCI Root Bridge [PCI0] (domain 0000 [bus 00-ff])
[    2.849786] acpi PNP0A03:00: _OSC: OS supports [ASPM ClockPM Segments MSI]
[    2.852733] acpi PNP0A03:00: _OSC failed (AE_NOT_FOUND); disabling ASPM
[    2.855527] acpi PNP0A03:00: fail to add MMCONFIG information, can't access extended PCI configuration space under this bridge.
[    2.859117] PCI host bridge to bus 0000:00
[    2.860057] pci_bus 0000:00: root bus resource [io  0x0000-0x0cf7 window]
[    2.865102] pci_bus 0000:00: root bus resource [io  0x0d00-0xffff window]
[    2.873064] pci_bus 0000:00: root bus resource [mem 0x000a0000-0x000bffff window]
[    2.874598] pci_bus 0000:00: root bus resource [mem 0xe0000000-0xffdfffff window]
[    2.891859] pci_bus 0000:00: root bus resource [bus 00-ff]
[    2.903013] pci 0000:00:01.1: legacy IDE quirk: reg 0x10: [io  0x01f0-0x01f7]
[    2.909277] pci 0000:00:01.1: legacy IDE quirk: reg 0x14: [io  0x03f6]
[    2.917432] pci 0000:00:01.1: legacy IDE quirk: reg 0x18: [io  0x0170-0x0177]
[    2.927151] pci 0000:00:01.1: legacy IDE quirk: reg 0x1c: [io  0x0376]
[    3.005544] ACPI: PCI Interrupt Link [LNKA] (IRQs 5 9 10 11) *0, disabled.
[    3.023922] ACPI: PCI Interrupt Link [LNKB] (IRQs 5 9 10 *11)
[    3.025813] ACPI: PCI Interrupt Link [LNKC] (IRQs 5 9 *10 11)
[    3.027433] ACPI: PCI Interrupt Link [LNKD] (IRQs 5 *9 10 11)
[    3.031088] ACPI: Enabled 2 GPEs in block 00 to 07
[    3.033618] vgaarb: setting as boot device: PCI:0000:00:02.0
[    3.053050] vgaarb: device added: PCI:0000:00:02.0,decodes=io+mem,owns=io+mem,locks=none
[    3.061639] vgaarb: loaded
[    3.070332] vgaarb: bridge control possible 0000:00:02.0
[    3.071296] SCSI subsystem initialized
[    3.072461] ACPI: bus type USB registered
[    3.074971] usbcore: registered new interface driver usbfs
[    3.075907] usbcore: registered new interface driver hub
[    3.077652] usbcore: registered new device driver usb
[    3.079133] PCI: Using ACPI for IRQ routing
[    3.080312] NetLabel: Initializing
[    3.083475] NetLabel:  domain hash size = 128
[    3.090041] NetLabel:  protocols = UNLABELED CIPSOv4
[    3.093548] NetLabel:  unlabeled traffic allowed by default
[    3.094559] clocksource: Switched to clocksource kvm-clock
[  3121709] AppArmor: AppArmor Filesystem Enabled
[    3.184632] pnp: PnP ACPI init
[   .1597]pn: nPACI:fond3 dvices

[  34730] clocksouce api_pm: mask: 0xffffff max_cycles: 0xffffff, max_idle_ns: 2085701024 
[    3703402] NET: Registered protocol family 2

[    3.2906 TP established hash table entries: 32768 (order: 6,2644byes
   3.934929] TCP bind hsh abe ntries: 32768 (order: 7, 524288 bytes)
[    4.079152] TCP: Has tables configured (established 32768 bind 32768)
[    4.104449] UDP hash table entries: 2048 (order: 4, 65536 bytes)
[    4.06580] UDP-Lite hash table entries: 2048 (order: 4, 65536 bytes)
[   .1008]NET: Registered potco family 1
[    4.304737] pci 0000:00:00.0: Limiting direct PCI/PC tanfer
[   4.396762] pci 0000:00:0.0Acivting ISA DMA hang orkarounds
[   .544852] Trying to unpack rotfs image as initramfs...

[    5.663502] Freeing initrd meory: 7288K (fff88031b00 -fff80078200)
[   59314] CI-DMA: Using software bounce buffering for IO (SWIOTLB)
[   .00919] software IO TLB [mem 0xdbff0000-0xdfff0000] (64MB) mappe a [ff88dbf000fff880dffff]

[    6.409909] RAPL PMU detected, API unit is 2^-32 Joules, 4 fixed counters 10737418240 ms ovfl timer
[    6.412356] hw unit of domain pp0-core 2^-0 Joules
[   .4303]hwunt f dominpaka 2-0 Joues

[    6.728631] hw unit of domain dram 2^-0 Joules
[    6.730862] hw unit of domain pp1-gpu 2^-0 Joules
[    6.73164] platform rtc_cmos: registered platform RTC device (no PNP device found)
[    6.6338] Scanning for low memory corruption every 60 seconds

[    6.806070] futex hash table entries: 512 (order: 3, 32768 bytes)
[    6.828881] audit: initializing netlink subsys (disabled)
[    6.838953] audit: type=2000 audit(1471646578.044:1): initialized
[    6.839977] Initialise system trusted keyring
[    6.847539] HugeTLB registered 2 MB page size, pre-allocated 0 pages
[    6.859715] zbud: loaded
[    6.863030] VFS: Disk quotas dquot_6.6.0
[    6.892830] VFS: Dquot-cache hash table entries: 512 (order 0, 4096 bytes)
[    6.893932] squashfs: version 4.0 (2009/01/31) Phillip Lougher
[    6.896529] fuse init (API version 7.23)
[    6.905081] Key type big_key registered
[    6.907476] Allocatng IMA MO ad laklstkerins.

[    7.150670] Key type asymmetric registered
[    7.164784] Asymmetric key parser 'x509' registered
[    7.168678] Block layer SCSI generic (bsg) driver version 0.4 loaded (major 249)
[    7.180566] io scheduler noop registered
[    7.187500] io scheduler deadline registered (default)
[    7.198991] io scheduler cfq registered
[    7.224436] pci_hotplug: PCI Hot Plug PCI Core version: 0.5
[    7.232643] pciehp: PCI Express Hot Plug Controller Driver version: 0.4
[    7.235675] ACPI: AC Adapter [AC] (on-line)
[    7.255587] input: Power Button as /devices/LNXSYSTM:00/LNXPWRBN:00/input/input0
[    7.287399] ACPI: Power Button [PWRF]
[    7.288051] input: Sleep Button as /devices/LNXSYSTM:00/LNXSLPBN:00/input/input1
[    7.289150] ACPI: Sleep Button [SLPF]
[    7.295264] GHES: HEST is not enabled!
[    7.295980] Serial: 8250/16550 driver, 32 ports, IRQ sharing enabled
[    7.326743] 00:02: ttyS0 at I/O 0x3f8 (irq = 4, base_baud = 115200) is a 16550A
[    7.340125] Linux agpgart interface v0.103
[    7.373950] brd: module loaded
[    7.385979] loop: module loaded
[    .4001 ssihost: a_ii
[   .647425]cs hst: ata_piix

[    7.816109] tsc: Refined TSC clocksource calibration: 3491.565 MHz
[    7.818742 clocksource: tsc: mask: 0xffffffffffffffff max_cycles: 0x325430a63b6, max_idle_ns: 440795352557 ns

[    7.847494] ata1: PATA max UDMA/33 cmd 0x1f0 ctl 0x3f6 bmdma 0xd000 irq 14
[   7.85056 aa2 PATA max UDMA/33 cmd 0x170 tl0x76 bdm 0d08 rq 15
[   .1241]liph: ix MIO Bus: probed

[    8.349815] tun: Universal TUN/TAP device driver, 1.6
[    8.350544] tun: (C) 1999-2004 Max Krasnyansky <maxk@qualcomm.com>
[    8.351460] PPP generic driver version 2.4.2
[    8.353407] ehci_hcd: USB 2.0 'Enhanced' Host Controller (EHCI) Driver
[    8.354260] ehci-pci: EHCI PCI platform driver
[    8.354918] ehci-platform: EHCI generic platform driver
[    8.356711] ohci_hcd: USB 1.1 'Open' Host Controller (OHCI) Driver
[    8.360528] ohci-pci: OHCI PCI platform driver
[    8.364104] ohci-platform: OHCI generic platform driver
[    8.364864] uhci_hcd: USB Universal Host Controller Interface driver
[    8.365757] i8042: PNP: PS/2 Controller [PNP0303:PS2K,PNP0f03:PS2M] at 0x60,0x64 irq 1,12
[    8.375816] serio: i8042 KBD port at 0x60,0x64 irq 1
[    8.386366] serio: i8042 AUX port at 0x60,0x64 irq 12
[    8.392346] mousedev: PS/2 mouse device common for all mice
[    8.394962] rtc_cmos rtc_cmos: rtc core: registered rtc_cmos as rtc0
[    8.409310] rtc_cmos rtc_cmos: alarms up to one day, 114 bytes nvram
[    8.411233] input: AT Translated Set 2 keyboard as /devices/platform/i8042/serio0/input/input2
[    8.415534] i2c /dev entriesdrve
[    8.499302] device-mapper: uevent: version 1.0.3
[    8.504598] device-mapper: ioctl: 4.34.0-ioctl (2015-10-28) initialised: dm-devel@redhat.com
[    8.506999] ledtrig-cpu: registered to indicate activity on CPUs
[    8.514568] NET: Registered protocol family 10
[    8.518003] NET: Registered protocol family 17
[    8.525482] Key type dns_resolver registered
[    8.526281] microcode: CPU0 sig=0x306c3, pf=0x40, revision=0x0
[    8.528204] microcode: CPU1 sig=0x306c3, pf=0x40, revision=0x0
[    8.531503] microcode: Microcode Update Driver: v2.01 <tigran@aivazian.fsnet.co.uk>, Peter Oruba
[    8.532813] registered taskstats version 1
[    8.540819] Loading compiled-in X.509 certificates
[    8.541996] Loaded X.509 cert 'Build time autogenerated kernel key: c40ffa48d8617ce4553ee3ab59017c95e74f2501'
[    8.558268] zswap: loaded using pool lzo/zbud
[    8.565327] Key type trusted registered
[    8.569664] Key type encrypted registered
[    8.573499] AppArmor: AppArmor sha1 policy hashing enabled
[    8.579155] ima: No TPM chip found, activating TPM-bypass!
[    8.579920] evm: HMAC attrs: 0x1
[    8.580678]   Magic number: 12:459:755
[    8.581260] tty ttyS6: hash matches
[    8.581878] rtc_cmos rtc_cmos: setting system clock to 2016-08-19 22:42:56 UTC (1471646576)
[    8.591167] BIOS EDD facility v0.16 2004-Jun-25, 0 devices found
[    8.602174] EDD information not available.
[    8.603781] Freeing unused kernel memory: 1480K (ffffffff81f42000 - ffffffff820b4000)
[    8.612778] Write protecting the kernel read-only data: 14336k
[    8.620734] Freeing unused kernel memory: 1832K (ffff880001836000 - ffff880001a00000)
[    8.623425] Freeing unused kernel memory: 152K (ffff880001dda000 - ffff880001e00000)
Loading, please wait...
starting version[    8.638047] random: systemd-udevd urandom read with 2 bits of entropy available
 229
[    8.658425] e1000: Intel(R) PRO/1000 Network Driver - version 7.3.21-k8-NAPI
[    8.659477] e1000: Copyright (c) 1999-2006 Intel Corporation.
[    8.685573] Fusion MPT base driver 3.04.20
[    8.697595] Copyright (c) 1999-2008 LSI Corporation
[    8.789042] AVX version of gcm_enc/dec engaged.
[    8.795144] AES CTR mode by8 optimization enabled
[    8.814884] Fusion MPT SPI Host driver 3.04.20
[    9.082424] input: ImExPS/2 Generic Explorer Mouse as /devices/platform/i8042/serio1/input/input4
[    9.093643] e1000 0000:00:03.0 eth0: (PCI:33MHz:32-bit) 02:af:4b:8e:d4:f5
[    9.144802] e1000 0000:00:03.0 eth0: Intel(R) PRO/1000 Network Connection
[    9.186385] mptbase: ioc0: Initiating bringup
[    9.187503] e1000 0000:00:03.0 enp0s3: renamed from eth0
[    9.319212] ioc0: LSI53C1030 A0: Capabilities={Initiator}
[    9.899588] scsi host2: ioc0: LSI53C1030 A0, FwRev=00000000h, Ports=1, MaxQ=256, IRQ=20
[   11.501545] scsi 2:0:0:0: Direct-Access     VBOX     HARDDISK         1.0  PQ: 0 ANSI: 5
[   11.550945] scsi target2:0:0: Beginning Domain Validation
[   11.566802] scsi target2:0:0: Domain Validation skipping write tests
[   11.591430] scsi target2:0:0: Ending Domain Validation
[   11.601049] scsi target2:0:0: asynchronous
[   11.602224] scsi 2:0:1:0: Direct-Access     VBOX     HARDDISK         1.0  PQ: 0 ANSI: 5
[   11.603424] scsi target2:0:1: Beginning Domain Validation
[   11.615079] scsi target2:0:1: Domain Validation skipping write tests
[   11.625105] scsi target2:0:1: Ending Domain Validation
[   11.634335] scsi target2:0:1: asynchronous
[   11.641438] sd 2:0:0:0: Attached scsi generic sg0 type 0
[   11.655666] sd 2:0:0:0: [sda] 20971520 512-byte logical blocks: (10.7 GB/10.0 GiB)
[   11.655929] sd 2:0:1:0: [sdb] 20480 512-byte logical blocks: (10.5 MB/10.0 MiB)
[   11.656084] sd 2:0:1:0: [sdb] Write Protect is off
[   11.656156] sd 2:0:1:0: [sdb] Incomplete mode parameter data
[   11.656157] sd 2:0:1:0: [sdb] Assuming drive cache: write through
[   11.669087] sd 2:0:1:0: Attached scsi generic sg1 type 0
[   11.671153] sd 2:0:1:0: [sdb] Attached SCSI disk
[   11.741252] sd 2:0:0:0: [sda] Write Protect is off
[   11.754813] sd 2:0:0:0: [sda] Incomplete mode parameter data
[   11.755608] sd 2:0:0:0: [sda] Assuming drive cache: write through
[   11.759661]  sda: sda1
[   11.770793] sd 2:0:0:0: [sda] Attached SCSI disk
[   11.859091] floppy0: no floppy controllers found
Begin: Loading e[   13.228895] md: linear personality registered for level -1
ssential drivers ... [   13.253381] md: multipath personality registered for level -4
[   13.280796] md: raid0 personality registered for level 0
[   13.284727] md: raid1 personality registered for level 1
[   13.378580] raid6: sse2x1   gen()  9041 MB/s
[   13.451062] raid6: sse2x1   xor()  7700 MB/s
[   13.531087] raid6: sse2x2   gen() 12487 MB/s
[   13.610654] raid6: sse2x2   xor()  7685 MB/s
[   13.690723] raid6: sse2x4   gen() 14478 MB/s
[   13.766756] raid6: sse2x4   xor() 10962 MB/s
[   13.796970] raid6: using algorithm sse2x4 gen() 14478 MB/s
[   13.802676] raid6: .... xor() 10962 MB/s, rmw enabled
[   13.803373] raid6: using ssse3x2 recovery algorithm
[   13.805301] xor: automatically using best checksumming function:
[   13.850822]    avx       : 22419.000 MB/sec
[   13.861992] async_tx: api initialized (async)
[   13.875516] md: raid6 personality registered for level 6
[   13.882080] md: raid5 personality registered for level 5
[   13.884349] md: raid4 personality registered for level 4
[   13.892068] md: raid10 personality registered for level 10
done.
Begin: Running /scripts/init-premount ... done.
Begin: Mounting root file system ... Begin: Running /scripts/local-top ... done.
Begin: Running /scripts/local-premount ... [   13.937093] Btrfs loaded
Scanning for Btrfs filesystems
done.
Warning: fsck not present, so skipping root file system
[   13.993105] EXT4-fs (sda1): mounted filesystem with ordered data mode. Opts: (null)
done.
Begin: Running /scripts/local-bottom ... done.
Begin: Running /scripts/init-bottom ... Warning: overlayroot: debug is busted
done.
[   14.072137] systemd[1]: systemd 229 running in system mode. (+PAM +AUDIT +SELINUX +IMA +APPARMOR +SMACK +SYSVINIT +UTMP +LIBCRYPTSETUP +GCRYPT +GNUTLS +ACL +XZ -LZ4 +SECCOMP +BLKID +ELFUTILS +KMOD -IDN)
[   14.090714] systemd[1]: Detected virtualization oracle.
[   14.091524] systemd[1]: Detected architecture x86-64.

Welcome to [1mUbuntu 16.04.1 LTS[0m!

[   14.098450] systemd[1]: Set hostname to <ubuntu>.
[   14.105869] systemd[1]: Initializing machine ID from random generator.
[   14.109374] systemd[1]: Installed transient /etc/machine-id file.
[   14.209234] systemd[1]: Started Forward Password Requests to Wall Directory Watch.
[[0;32m  OK  [0m] Started Forward Password Requests to Wall Directory Watch.
[   14.227248] systemd[1]: Listening on /dev/initctl Compatibility Named Pipe.
[[0;32m  OK  [0m] Listening on /dev/initctl Compatibility Named Pipe.
[   14.233898] systemd[1]: Listening on Journal Audit Socket.
[[0;32m  OK  [0m] Listening on Journal Audit Socket.
[   14.240110] systemd[1]: Created slice System Slice.
[[0;32m  OK  [0m] Created slice System Slice.
[   14.243235] systemd[1]: Created slice system-serial\x2dgetty.slice.
[[0;32m  OK  [0m] Created slice system-serial\x2dgetty.slice.
[   14.250819] systemd[1]: Listening on LVM2 metadata daemon socket.
[[0;32m  OK  [0m] Listening on LVM2 metadata daemon socket.
[   14.262758] systemd[1]: Listening on Journal Socket.
[[0;32m  OK  [0m] Listening on Journal Socket.
[   14.285622] systemd[1]: Starting Set console keymap...
         Starting Set console keymap...
[   14.294253] systemd[1]: Mounting Debug File System...
         Mounting Debug File System...
[   14.331132] systemd[1]: Starting Uncomplicated firewall...
         Starting Uncomplicated firewall...
[   14.348265] systemd[1]: Mounting POSIX Message Queue File System...
         Mounting POSIX Message Queue File System...
[   14.358644] systemd[1]: Listening on udev Control Socket.
[[0;32m  OK  [0m] Listening on udev Control Socket.
[   14.375967] systemd[1]: Listening on Journal Socket (/dev/log).
[[0;32m  OK  [0m] Listening on Journal Socket (/dev/log).
[   14.402714] systemd[1]: Starting Remount Root and Kernel File Systems...
[   14.404997] EXT4-fs (sda1): re-mounted. Opts: (null)
         Starting Remount Root and Kernel File Systems...
[   14.441693] systemd[1]: Reached target Swap.
[[0;32m  OK  [0m] Reached target Swap.
[   14.475282] systemd[1]: Listening on udev Kernel Socket.
[[0;32m  OK  [0m] Listening on udev Kernel Socket.
[   14.494800] systemd[1]: Listening on Device-mapper event daemon FIFOs.
[[0;32m  OK  [0m] Listening on Device-mapper event daemon FIFOs.
[   14.551084] systemd[1]: Created slice User and Session Slice.
[[0;32m  OK  [0m] Created slice User and Session Slice.
[   14.582818] systemd[1]: Reached target Slices.
[[0;32m  OK  [0m] Reached target Slices.
[   14.594642] systemd[1]: Reached target User and Group Name Lookups.
[[0;32m  OK  [0m] Reached target User and Group Name Lookups.
[   14.614805] systemd[1]: Starting Nameserver information manager...
         Starting Nameserver information manager...
[   14.624514] systemd[1]: Mounting Huge Pages File System...
         Mounting Huge Pages File System...
[   14.633694] systemd[1]: Listening on LVM2 poll daemon socket.
[[0;32m  OK  [0m] Listening on LVM2 poll daemon socket.
[   14.653107] systemd[1]: Starting Create list of required static device nodes for the current kernel...
         Starting Create list of required st... nodes for the current kernel...
[   14.668908] systemd[1]: Reached target Encrypted Volumes.
[[0;32m  OK  [0m] Reached target Encrypted Volumes.
[   14.676579] systemd[1]: Set up automount Arbitrary Executable File Formats File System Automount Point.
[[0;32m  OK  [0m] Set up automount Arbitrary Executab...ats File System Automount Point.
[   14.702940] systemd[1]: Starting Monitoring of LVM2 mirrors, snapshots etc. using dmeventd or progress polling...
         Starting Monitoring of LVM2 mirrors... dmeventd or progress polling...
[   14.748246] systemd[1]: Starting Load Kernel Modules...
         Startin[   14.761850] Loading iSCSI transport class v2.0-870.
g Load Kernel Modules...
[   14.769547] systemd[1]: Listening on Syslog Socket.
[[0;32m  OK  [0m] Listening on Syslog Socket.
[   14.788140] systemd[1]: Starting Journal Service...
         Startin[   14.790303] iscsi: registered transport (tcp)
g Journal Service...
[   14.800455] systemd[1]: Mounted POSIX Message Queue File System.
[[0;32m  OK  [0m] Mounted POSIX Message Queue File System.
[   14.818481] systemd[1]: Mounted Debug File System.
[[0;32m  OK  [0m] Mounted Debug File System.
[   14.845965] systemd[1]: Mounted Huge Pages File System.
[[0;32m  OK  [0m] Mounted Huge Pages File System.
[   14.857188] systemd[1]: Started Journal Service.
[[0;32m  OK  [[   14.861154] iscsi: registered transport (iser)
0m] Started Journal Service.
[[0;32m  OK  [0m] Started Set console keymap.
[[0;32m  OK  [0m] Started Uncomplicated firewall.
[[0;32m  OK  [0m] Started Remount Root and Kernel File Systems.
[[0;32m  OK  [0m] Started Create list of required sta...ce nodes for the current kernel.
[[0;32m  OK  [0m] Started Load Kernel Modules.
[[0;32m  OK  [0m] Started Nameserver information manager.
[[0;32m  OK  [0m] Started LVM2 metadata daemon.
         Starting Apply Kernel Variables...
         Mounting FUSE Control File System...
         Starting Create Static Device Nodes in /dev...
         Starting Load/Save Random Seed...
         Starting udev Coldplug all Devices...
         Starting Flush Journal to Persistent Storage...
[[0;32m  OK  [0m] Mounted FUSE Control File System.
[[0;32m  OK  [0m] Started Apply Kernel Variables.
[[0;32m  OK  [0m] Started Create Static Device Nodes in /dev.
[[0;32m  OK  [0m] Started Load/Save Random Seed.
         Starting udev Kernel Device Manager...
[[0;32m  OK  [0m] Started Flush Journal to Persistent Storage.
[[0;32m  OK  [0m] Started Monitoring of LVM2 mirrors,...ng dmeventd or progress polling.
[[0;32m  OK  [0m] Started udev Coldplug all Devices.
[[0;32m  OK  [0m] Started udev Kernel Device Manager.
[[0;32m  OK  [0m] Started Dispatch Password Requests to Console Directory Watch.
[[0;32m  OK  [0m] Reached target Local File Systems (Pre).
[[0;32m  OK  [0m] Reached target Local File Systems.
         Starting Tell Plymouth To Write Out Runtime Data...
         Starting Set console font and keymap...
         Starting Initial cloud-init job (pre-networking)...
         Starting LSB: AppArmor initialization...
         Starting Commit a transient machine-id on disk...
         Starting Create Volatile Files and Directories...
[[0;32m  OK  [0m] Started Tell Plymouth To Write Out Runtime Data.
[[0;32m  OK  [0m] Started Commit a transient machine-id on disk.
[[0;32m  OK  [0m] Started Set console font and keymap.
[[0;32m  OK  [0m] Started Create Volatile Files and Directories.
[[0;32m  OK  [0m] Found device /dev/ttyS0.
         Starting Update UTMP about System Boot/Shutdown...
         Starting Network Time Synchronization...
[[0;32m  OK  [0m] Created slice system-getty.slice.
[[0;32m  OK  [0m] Started Network Time Synchronization.
[[0;32m  OK  [0m] Started LSB: AppArmor initialization.
[[0;32m  OK  [0m] Started Update UTMP about System Boot/Shutdown.
[[0;32m  OK  [0m] Listening on Load/Save RF Kill Switch Status /dev/rfkill Watch.
[[0;32m  OK  [0m] Reached target System Initialization.
[[0;32m  OK  [0m] Listening on D-Bus System Message Bus Socket.
[[0;32m  OK  [0m] Started Trigger resolvconf update for networkd DNS.
[[0;32m  OK  [0m] Listening on ACPID Listen Socket.
         Starting LXD - unix socket.
[   14.242030] cloud-init[1217]: Cloud-init v. 0.7.7 running 'init-local' at Fri, 19 Aug 2016 22:43:04 +0000. Up 13.89 seconds.
[[0;32m  OK  [0m] Started ACPI Events Check.
[[0;32m  OK  [0m] Reached target Paths.
         Starting Socket activation for snappy daemon.
[[0;32m  OK  [0m] Listening on UUID daemon activation socket.
[[0;32m  OK  [0m] Started Daily Cleanup of Temporary Directories.
[[0;32m  OK  [0m] Reached target System Time Synchronized.
[[0;32m  OK  [0m] Started Timer to automatically refresh installed snaps.
[[0;32m  OK  [0m] Started Daily apt activities.
[[0;32m  OK  [0m] Reached target Timers.
[[0;32m  OK  [0m] Listening on LXD - unix socket.
[[0;32m  OK  [0m] Listening on Socket activation for snappy daemon.
[[0;32m  OK  [0m] Started Initial cloud-init job (pre-networking).
[[0;32m  OK  [0m] Reached target Network (Pre).
         Starting Raise network interfaces...
[[0;32m  OK  [0m] Reached target Sockets.
[[0;32m  OK  [0m] Reached target Basic System.
         Starting System Logging Service...
[[0;32m  OK  [0m] Started Snappy daemon.
[[0;32m  OK  [0m] Started D-Bus System Message Bus.
[[0;32m  OK  [0m] Started Deferred execution scheduler.
[[0;32m  OK  [0m] Started ACPI event daemon.
         Starting LSB: MD monitoring daemon...
[[0;32m  OK  [0m] Started Regular background program processing daemon.
         Starting Login Service...
         Starting LSB: Record successful boot for GRUB...
         Starting Accounts Service...
         Starting LXD - container startup/shutdown...
[[0;32m  OK  [0m] Started FUSE filesystem for LXC.
[[0;32m  OK  [0m] Started System Logging Service.
[[0;32m  OK  [0m] Started Login Service.
[[0;32m  OK  [0m] Started LSB: MD monitoring daemon.
[[0;32m  OK  [0m] Started LSB: Record successful boot for GRUB.
         Starting Authenticate and Authorize Users to Run Privileged Tasks...
[[0;32m  OK  [0m] Started Authenticate and Authorize Users to Run Privileged Tasks.
[[0;32m  OK  [0m] Started Accounts Service.
[[0;32m  OK  [0m] Started LXD - container startup/shutdown.
[[0;32m  OK  [0m] Started Raise network interfaces.
         Starting Initial cloud-init job (metadata service crawler)...
[[0;32m  OK  [0m] Reached target Network.
[   17.039506] cloud-init[2090]: Cloud-init v. 0.7.7 running 'init' at Fri, 19 Aug 2016 22:43:07 +0000. Up 16.54 seconds.
[   17.100825] [cloud-init[0;32m  OK  [0m[2090]: ] ci-info: +++++++++++++++++++++++++++++++++++++Net device info++++++++++++++++++++++++++++++++++++++Started Initial cloud-init job (metadata service crawler).

[   17.101095] cloud-init[2090]: ci-info: +--------+------+----------------------------+---------------+-------+-------------------+
[   17.252209] [cloud-init[0;32m  OK  [0m[2090]: ] ci-info: | Device |  Up  |          Address           |      Mask     | Scope |     Hw-Address    |Reached target Network is Online.

[   17.252541] cloud-init[2090]: ci-info: +--------+------+----------------------------+---------------+-------+-------------------+
[   17.330417]          cloud-initStarting /etc/rc.local Compatibility...[2090]: 
ci-info: |   lo   | True |         127.0.0.1          |   255.0.0.0   |   .   |         .         |
[   17.352693]          cloud-initStarting iSCSI initiator daemon (iscsid)...[2090]: 
ci-info: |   lo   | True |          ::1/128           |       .       |  host |         .         |
[   17.391599] cloud-init[2090]: ci-info: | enp0s3 | True |         10.0.2.15          | 255.255.255.0 |   .   | 02:af:4b:8e:d4:f5 |
         Starting Seed the pseudo random number generator on first boot...
[[0;32m  OK  [0m] Reached target Cloud-config availability.
[   17.406422] cloud-init[2090]: ci-info: | enp0s3 | True | fe80::af:4bff:fe8e:d4f5/64 |       .       |  link | 02:af:4b:8e:d4:f5 |
[   17.520715]          cloud-initStarting Apply the settings specified in cloud-config...[2090]: 
ci-info: +--------+------+----------------------------+---------------+-------+-------------------+
[   17.587292] [cloud-init[0;32m  OK  [0m[2090]: ] ci-info: +++++++++++++++++++++++++++Route IPv4 info++++++++++++++++++++++++++++Started /etc/rc.local Compatibility.

[   17.588314] cloud-init[2090]: ci-info: +-------+-------------+----------+---------------+-----------+-------+
[   17.676583] [cloud-init[0;32m  OK  [0m[2090]: ] ci-info: | Route | Destination | Gateway  |    Genmask    | Interface | Flags |Started iSCSI initiator daemon (iscsid).

[   17.677052] cloud-init[2090]: ci-info: +-------+-------------+----------+---------------+-----------+-------+
[   17.775288]          cloud-initStarting Login to default iSCSI targets...[2090]: 
ci-info: |   0   |   0.0.0.0   | 10.0.2.2 |    0.0.0.0    |   enp0s3  |   UG  |
[[0;32m  OK  [0m] Started Login to default iSCSI targets.
[[0;32m  OK  [0m] Reached target Remote File Systems (Pre).
[[0;32m  OK  [0m] Reached target Remote File Systems.
[   17.810204] cloud-init[2090]: ci-info: |   1   |   10.0.2.0  | 0.0.0.0  | 255.255.255.0 |   enp0s3  |   U   |
         [   17.904585] cloud-init[2090]: ci-info: +-------+-------------+----------+---------------+-----------+-------+
[   17.904622] cloud-init[2090]: Generating public/private rsa key pair.
[   17.904648] cloud-init[2090]: Your identification has been saved in /etc/ssh/ssh_host_rsa_key.
[   17.904679] cloud-init[2090]: Your public key has been saved in /etc/ssh/ssh_host_rsa_key.pub.
[   17.904705] cloud-init[2090]: The key fingerprint is:
[   17.904728] cloud-init[2090]: SHA256:lMhxLyovz2IyYGrAn9qZeWTSheLKUQI9CKcsOKpbmwI root@ubuntu-xenial
[   17.904750] cloud-init[2090]: The key's randomart image is:
[   17.904772] cloud-init[2090]: +---[RSA 2048]----+
[   17.904795] cloud-init[2090]: |oo.   . .        |
[   17.904817] cloud-init[2090]: |=oo  . + o       |
[   17.904839] cloud-init[2090]: |*. .  + + .      |
[   17.904862] cloud-init[2090]: |oo o . + .       |
[   17.904901] cloud-init[2090]: |o + + o S        |
[   17.904935] cloud-init[2090]: |E+ o *           |
[   17.904968] cloud-init[2090]: |B.= * .          |
[   17.904995] cloud-init[2090]: |o*+=*=           |
[   17.905041] cloud-init[2090]: |oo+O..o          |
[   17.905267] cloud-init[2090]: +----[SHA256]-----+
[   17.905294] cloud-init[2090]: Generating public/private dsa key pair.
[   17.905316] cloud-init[2090]: Your identification has been saved in /etc/ssh/ssh_host_dsa_key.
[   17.905339] cloud-init[2090]: Your public key has been saved in /etc/ssh/ssh_host_dsa_key.pub.
[   17.905362] cloud-init[2090]: The key fingerprint is:
[   17.905462] cloud-init[2090]: SHA256:NsVyH+GsInc2MnwbSpkHKagITwjktMOv2kyE9wemNl0 root@ubuntu-xenial
[   17.905502] cloud-init[2090]: The key's randomart image is:
[   17.905527] cloud-init[2090]: +---[DSA 1024]----+
[   17.905550] cloud-init[2090]: |oo          .    |
[   17.905572] cloud-init[2090]: |=..  .   o o .   |
[   17.905594] cloud-init[2090]: |o=. . . + + +    |
[   17.905615] cloud-init[2090]: |.=o.   o B o .   |
[   17.905637] cloud-init[2090]: |o =.o E S O .    |
[   17.905658] cloud-init[2090]: | o.= o = @ +     |
[   17.905680] cloud-init[2090]: | .= o . . .      |
[   17.905702] cloud-init[2090]: |.= . .           |
[   17.905723] cloud-init[2090]: |. o              |
[   17.905745] cloud-init[2090]: +----[SHA256]-----+
[   17.905765] cloud-init[2090]: Generating public/private ecdsa key pair.
[   17.905789] cloud-init[2090]: Your identification has been saved in /etc/ssh/ssh_host_ecdsa_key.
[   17.905810] cloud-init[2090]: Your public key has been saved in /etc/ssh/ssh_host_ecdsa_key.pub.
[   17.905832] cloud-init[2090]: The key fingerprint is:
[   17.905855] cloud-init[2090]: SHA256:Rc5Gq68jK+pw9QEEzqF1HqQkwy+lNmGBlXEnQhWDPqs root@ubuntu-xenial
[   17.905878] cloud-init[2090]: The key's randomart image is:
[   17.906011] cloud-init[2090]: +---[ECDSA 256]---+
[   17.906041] cloud-init[2090]: |=+@B@..   o      |
[   17.906065] cloud-init[2090]: |.%oX =   = .     |
[   17.906087] cloud-init[2090]: |o.O o     *      |
[   17.906109] cloud-init[2090]: | =o. .   +       |
[   17.906130] cloud-init[2090]: |. oo. . S        |
[   17.906152] cloud-init[2090]: |  .. . . .       |
[   17.906176] cloud-init[2090]: |...   .   .      |
[   17.906198] cloud-init[2090]: |Eo  . . ..       |
[   17.906220] cloud-init[2090]: | .o. ..o..       |
[   17.906242] cloud-init[2090]: +----[SHA256]-----+
[   17.906263] cloud-init[2090]: Generating public/private ed25519 key pair.
[   17.906285] cloud-init[2090]: Your identification has been saved in /etc/ssh/ssh_host_ed25519_key.
[   17.906307] cloud-init[2090]: Your public key has been saved in /etc/ssh/ssh_host_ed25519_key.pub.
[   17.906329] cloud-init[2090]: The key fingerprint is:
[   17.906350] cloud-init[2090]: SHA256:pjfkczxVCGNqDY7IHwn2ZQqQSxGr6Qr2tuCxnpbrh3s root@ubuntu-xenial
[   17.906373] cloud-init[2090]: The key's randomart image is:
[   17.906409] cloud-init[2090]: +--[ED25519 256]--+
[   17.906433] cloud-init[2090]: |  +=+   + +      |
[   17.906467] cloud-init[2090]: |  o+ = B = o .   |
[   17.906493] cloud-init[2090]: Starting Permit User Sessions...
| ...o * + . . .  |
         Starting LSB: Set the CPU Frequency Scaling governor to "ondemand"...
[   19.019943] cloud-init[2090]: | o.  . o     .   |
[   19.036450] cloud-init[2090]: |o     . S   .    |
[   19.056418] cloud-init[2090]: |.      = . .     |
[   19.072459]          cloud-initStarting LSB: automatic crash report generation...[2090]: 
|.=o   . = +      |
         Starting LSB: daemon to balance interrupts for SMP systems...
[[0;32m  OK  [0m] Started Seed the pseudo random number generator on first boot.
[[0;32m  OK  [0m] Started Permit User Sessions.
[   19.094838] cloud-init[2090]: |=+*E   . + .     |
[   19.131226] cloud-init[2090]: |=O*o.            |
[   19.144572] [cloud-init[0;32m  OK  [0m[2090]: ] +----[SHA256]-----+Started LSB: Set the CPU Frequency Scaling governor to "ondemand".

[   19.146156] cloud-init[2201]: Generating locales (this might take a while)...
[   19.158140] cloud-init[2201]:   en_US.UTF-8... done
[   19.189181]          cloud-initStarting Hold until boot process finishes up...[2201]: 
Generation complete.
         Starting Terminate Plymouth Boot Screen...
[[0;32m  OK  [0m] Stopped OpenBSD Secure Shell server.
         Starting OpenBSD Secure Shell server...
[[0;32m  OK  [0m] Started OpenBSD Secure Shell server.
[[0;32m  OK  [0m] Started LSB: automatic crash report generation.
[[0;32m  OK  [0m] Started LSB: daemon to balance interrupts for SMP systems.
[[0;32m  OK  [0m] Started Hold until boot process finishes up.
[[0;32m  OK  [0m] Started Terminate Plymouth Boot Screen.
[[0;32m  OK  [0m] Started Getty on tty1.
         Starting Set console scheme...
[[0;32m  OK  [0m] Started Serial Getty on ttyS0.
[[0;32m  OK  [0m] Reached target Login Prompts.
[[0;32m  OK  [0m] Started Set console scheme.
[[0;32m  OK  [0m] Created slice User Slice of ubuntu.
         Starting User Manager for UID 1000...
[[0;32m  OK  [0m] Started User Manager for UID 1000.
[[0;32m  OK  [0m] Started Session 1 of user ubuntu.
[   19.565538] cloud-init[2201]: Cloud-init v. 0.7.7 running 'modules:config' at Fri, 19 Aug 2016 22:43:08 +0000. Up 17.87 seconds.
[[0;32m  OK  [0m] Started Apply the settings specified in cloud-config.
         Starting Execute cloud user/final scripts...
ci-info: no authorized ssh keys fingerprints found for user ubuntu.
<14>Aug 19 22:43:10 ec2: 
<14>Aug 19 22:43:10 ec2: #############################################################
<14>Aug 19 22:43:10 ec2: -----BEGIN SSH HOST KEY FINGERPRINTS-----
<14>Aug 19 22:43:10 ec2: 1024 SHA256:NsVyH+GsInc2MnwbSpkHKagITwjktMOv2kyE9wemNl0 root@ubuntu-xenial (DSA)
<14>Aug 19 22:43:10 ec2: 256 SHA256:Rc5Gq68jK+pw9QEEzqF1HqQkwy+lNmGBlXEnQhWDPqs root@ubuntu-xenial (ECDSA)
<14>Aug 19 22:43:10 ec2: 256 SHA256:pjfkczxVCGNqDY7IHwn2ZQqQSxGr6Qr2tuCxnpbrh3s root@ubuntu-xenial (ED25519)
<14>Aug 19 22:43:10 ec2: 2048 SHA256:lMhxLyovz2IyYGrAn9qZeWTSheLKUQI9CKcsOKpbmwI root@ubuntu-xenial (RSA)
<14>Aug 19 22:43:10 ec2: -----END SSH HOST KEY FINGERPRINTS-----
<14>Aug 19 22:43:10 ec2: #############################################################
-----BEGIN SSH HOST KEY KEYS-----
ecdsa-sha2-nistp256 AAAAE2VjZHNhLXNoYTItbmlzdHAyNTYAAAAIbmlzdHAyNTYAAABBBNI2/bTtZGj7xBpu4RlPPhxDnX2maNhYDbFZUvBtOqiSLP4KEpbNeM7DNl1DAkO9gspXR4zMGFayI9UjlUWwN1M= root@ubuntu-xenial
ssh-ed25519 AAAAC3NzaC1lZDI1NTE5AAAAIL5aGtAqVagRmVL/DX9HobfpxGe17eG59PVUiPZblBQ0 root@ubuntu-xenial
ssh-rsa AAAAB3NzaC1yc2EAAAADAQABAAABAQDfqrIU0CrN/ENkTbmni+HpVOKPqgAQ0x21Y3whFOLdLNUeVp5P0XnwwVNV6e1QJm5XHXferITFbOHiD+c0SMhoMd4+xtPGvtZLBqAi3l/TUyJoTXiwtkTMg1kX4O6F8VYiAy9uBhtX3/Lr9fFxsINInR1eaC3+T5D4UgQkzp089Hn2GBJqJFWQwa1Vdc/57BmYmDVKmKMmBdOJ11HlR8mAzfi9H18yt9lQmB8xkpkyV0GHEJNAfhub2N+8u70Xy8ap0F/ThzP8lDMqbcJZt7TYhnBpNMNZpIYMdukszvzHJspE3/GsX8i0UlI4dIFvHuz6OvWJPf24YSNX1iG7hMg1 root@ubuntu-xenial
-----END SSH HOST KEY KEYS-----
[   20.247192] cloud-init[2408]: Cloud-init v. 0.7.7 running 'modules:final' at Fri, 19 Aug 2016 22:43:10 +0000. Up 19.96 seconds.
[   20.283306] cloud-init[2408]: ci-info: no authorized ssh keys fingerprints found for user ubuntu.
[[0;32m  OK  [0m] Started Execute cloud user/final scripts.
[   20.322828] cloud-init[2408]: Cloud-init v. 0.7.7 finished at Fri, 19 Aug 2016 22:43:10 +0000. Datasource DataSourceNoCloud [seed=/dev/sdb][dsmode=net].  Up 20.24 seconds
[[0;32m  OK  [0m] Reached target Cloud-init target.
[[0;32m  OK  [0m] Reached target Multi-User System.
[[0;32m  OK  [0m] Reached target Graphical Interface.
         Starting Update UTMP about System Runlevel Changes...
[[0;32m  OK  [0m] Started Update UTMP about System Runlevel Changes.

Ubuntu 16.04.1 LTS ubuntu-xenial ttyS0

ubuntu-xenial login: [[0;32m  OK  [0m] Stopped target Timers.
         Stopping Session 23 of user ubuntu.
[[0;32m  OK  [0m] o[[0;32m  OK  [0m] Stopped Deferred execution scheduler.
[[0;32m  OK  [0m] Stopped ACPI event daemon.
[[0;32m  OK  [0m] Stopped Getty on tty1.
[[0;32m  OK  [0m] Stopped Serial Getty on ttyS0.
[[0;32m  OK  [0m] Stopped OpenBSD Secure Shell server.
[[0;32m  OK  [0m] Stopped Snappy daemon.
[[0;32m  OK  [0m] Stopped User Manager for UID 1000.
[[0;32m  OK  [0m] Started Unattended Upgrades Shutdown.
[[0;32m  OK  [0m] Stopped D-Bus System Message Bus.
[[0;32m  OK  [0m] Stopped FUSE filesystem for LXC.
[[0;32m  OK  [0m] Stopped LSB: Record successful boot for GRUB.
[[0;32m  OK  [0m] Stopped LSB: daemon to balance interrupts for SMP systems.
[[0;32m  OK  [0m] Stopped LXD - container startup/shutdown.
[[0;32m  OK  [0m] Stopped LSB: MD monitoring daemon.
[[0;32m  OK  [0m] Stopped LSB: automatic crash report generation.
[[0;32m  OK  [0m] Stopped LSB: Set the CPU Frequency Scaling governor to "ondemand".
[[0;32m  OK  [0m] Removed slice system-serial\x2dgetty.slice.
[[0;32m  OK  [0m] Removed slice system-getty.slice.
[[0;32m  OK  [0m] Stopped /etc/rc.local Compatibility.
[[0;32m  OK  [0m] Removed slice User Slice of ubuntu.
         Stopping Permit User Sessions...
         Stopping Login Service...
[[0;32m  OK  [0m] Stopped PostgreSQL Cluster 9.4-main.
[[0;32m  OK  [0m] Stopped Login Service.
[[0;32m  OK  [0m] Stopped Permit User Sessions.
[[0;32m  OK  [0m] Stopped target Remote File Systems.
[[0;32m  OK  [0m] Stopped target Remote File Systems (Pre).
         Stopping Login to default iSCSI targets...
[[0;32m  OK  [0m] Stopped target User and Group Name Lookups.
[[0;32m  OK  [0m] Removed slice system-postgresql.slice.
[[0;32m  OK  [0m] Stopped Login to default iSCSI targets.
         Stopping iSCSI initiator daemon (iscsid)...
[[0;32m  OK  [0m] Stopped iSCSI initiator daemon (iscsid).
[[0;32m  OK  [0m] Stopped target Network is Online.
[[0;32m  OK  [0m] Stopped Initial cloud-init job (metadata service crawler).
[[0;32m  OK  [0m] Stopped target Basic System.
[[0;32m  OK  [0m] Stopped target Sockets.
[[0;32m  OK  [0m] Closed UUID daemon activation socket.
[[0;32m  OK  [0m] Closed LXD - unix socket.
[[0;32m  OK  [0m] Closed Socket activation for snappy daemon.
[[0;32m  OK  [0m] Closed ACPID Listen Socket.
[[0;32m  OK  [0m] Closed Syslog Socket.
[[0;32m  OK  [0m] Closed D-Bus System Message Bus Socket.
[[0;32m  OK  [0m] Stopped target Slices.
[[0;32m  OK  [0m] Removed slice User and Session Slice.
[[0;32m  OK  [0m] Stopped target Paths.
[[0;32m  OK  [0m] Stopped ACPI Events Check.
[[0;32m  OK  [0m] Stopped Dispatch Password Requests to Console Directory Watch.
[[0;32m  OK  [0m] Stopped Forward Password Requests to Wall Directory Watch.
[[0;32m  OK  [0m] Stopped Trigger resolvconf update for networkd DNS.
[[0;32m  OK  [0m] Stopped target System Initialization.
         Stopping Load/Save Random Seed...
[[0;32m  OK  [0m] Stopped Commit a transient machine-id on disk.
[[0;32m  OK  [0m] Stopped target Swap.
[[0;32m  OK  [0m] Stopped target Encrypted Volumes.
         Stopping Network Time Synchronization...
[[0;32m  OK  [0m] Stopped target Network.
         Stopping Raise network interfaces...
[[0;32m  OK  [0m] Stopped Network Time Synchronization.
[[0;32m  OK  [0m] Stopped Load/Save Random Seed.
[[0;32m  OK  [0m] Stopped Create Volatile Files and Directories.
[[0;32m  OK  [0m] Stopped Raise network interfaces.
[[0;32m  OK  [0m] Stopped target Network (Pre).
[[0;32m  OK  [0m] Stopped Initial cloud-init job (pre-networking).
[[0;32m  OK  [0m] Stopped target Local File Systems.
         Unmounting /run/lxcfs/controllers/cpuset...
         Unmounting /run/lxcfs/controllers/perf_event...
         Unmounting /run/lxcfs/controllers/blkio...
         Unmounting /run/lxcfs/controllers/hugetlb...
         Unmounting /run/lxcfs/controllers/pids...
         Unmounting /run/lxcfs/controllers/cpu,cpuacct...
         Unmounting /run/user/1000...
         Unmounting /run/lxcfs/controllers/memory...
         Unmounting /run/lxcfs/controllers/devices...
         Unmounting /run/lxcfs/controllers/freezer...
         Unmounting /run/lxcfs/controllers/name=systemd...
         Unmounting /run/lxcfs/controllers/net_cls,net_prio...
[[0;32m  OK  [0m] Stopped Apply Kernel Variables.
[[0;32m  OK  [0m] Stopped Load Kernel Modules.
[[0;32m  OK  [0m] Unmounted /run/lxcfs/controllers/cpuset.
[[0;32m  OK  [0m] Unmounted /run/lxcfs/controllers/perf_event.
[[0;32m  OK  [0m] Unmounted /run/lxcfs/controllers/blkio.
[[0;32m  OK  [0m] Unmounted /run/lxcfs/controllers/hugetlb.
[[0;32m  OK  [0m] Unmounted /run/lxcfs/controllers/pids.
[[0;32m  OK  [0m] Unmounted /run/lxcfs/controllers/cpu,cpuacct.
[[0;32m  OK  [0m] Unmounted /run/user/1000.
[[0;32m  OK  [0m] Unmounted /run/lxcfs/controllers/memory.
[[0;32m  OK  [0m] Unmounted /run/lxcfs/controllers/devices.
[[0;32m  OK  [0m] Unmounted /run/lxcfs/controllers/freezer.
[[0;32m  OK  [0m] Unmounted /run/lxcfs/controllers/name=systemd.
[[0;32m  OK  [0m] Unmounted /run/lxcfs/controllers/net_cls,net_prio.
         Unmounting /run/lxcfs/controllers...
[[0;32m  OK  [0m] Unmounted /run/lxcfs/controllers.
[[0;32m  OK  [0m] Reached target Unmount All Filesystems.
[[0;32m  OK  [0m] Stopped target Local File Systems (Pre).
         Stopping Monitoring of LVM2 mirrors... dmeventd or progress polling...
[[0;32m  OK  [0m] Stopped Create Static Device Nodes in /dev.
[[0;32m  OK  [0m] Stopped Remount Root and Kernel File Systems.
[[0;32m  OK  [0m] Reached target Shutdown.
[10296.243793] reboot: Restarting system
[   0000]Initiazig cgrp bss cpuse
  0.0000 Itilizincgupsubs u
[  0.000] Iitling cro ssys cpuacct
  0.0000] nuversi 4.034-ger (uilddgw-2) (gc rsn 5.1 20160413 (Ubuntu 5.3.1-14ubuntu2.1) ) #53-Unt SMWeJu 27166:9 TC 2016Ubuu 4.0-.5-genic.4.5)
   00000] Commd ne BOO_IGEboot/vmnu4..0--gerc roo=LELloudg-ots rcool=ty1coso=tty
   0.0000KENEL uprt cpus
  0.0000] InelGenunete
[    0.00000  MD AthtiAMD
[    0.000000]   Centaur CentaurHauls
[    0.000000] x86/fpu: xstate_offset[2]:  576, xstate_sizes[2]:  256
[    0.000000] x86/fpu: Supporting XSAVE feature 0x0: 87loatin pntegiser
   00000x86/f: pprtinXSE fetu 002: 'SEegters
  0.00000x8fp: Supoing XSAVE feature 0x04: 'AVX registers'
[    0.000000] x86/fpu: Enabled xstate features 0x, onte se s 8 bes using taar' ort.
[  0.0000 x86/pu Usig 'lazy' FPU cntextswch.
[  00000] 20BIS-prvid ysic R map:
[    0.000000] BIOS-e820: [mem 0x0000000000000000-0x000000000009fbff] usable
[    0.000000] BIOS-e820: [mem 0x000000000009fc00-0x000000000009ffff] reserved
[    0.000000] BIOS-e820: [mem 0x00000000000f0000-0x00000000000fffff] reserved
[    0.000000] BIOS-e820: [mem 0x0000000000100000-0x00000000dffeffff] usable
[    0.000000] BIOS-e820: [mem 0x00000000dfff000-000000dfffff]CP data[  0.000] OS-e0:me 0x00000fc0000-00000ffffffreerved  0.000000] BI-e0:[mem 0000000000000x000011ffff usabl
    0.0000] NX (Execute Disable) protection: active
[    0.000 SBIOS 2.5 present.
[    0.000000] Hypeisr tected KVM[  0.0000 e20: st_pf =x1200 x_rch_fn 0000000[    0000] 86PA Cfiguration [0-7]: WB  WC  UC- UC  WB  WC  UC- WT  
[    0.000000] MTRR: Disabled   000000] U MRRs llla - vtulid sysm.
[    0.000000] e820: last_pfn = 0xdfff0 max_arch_pfn = 0x400000000
[    0.000000] found SMP MP-table at [mem 0x0009fff0-0x0009ffff] mapped at [fff88000009fff0]
[    0.000000] Scanning 1 areas for low emory orpton
[    .000 RAMDISK: [mem 0x371b4000-0x378d1fff]
[    0.000000] ACPI: Early table checksum verification disabled
[    0.000000] ACPI: RSDP 0x00000000000E0000 00 (02 VBO )[   0.00] ACP XDTx00000FF0030000 (01 VOX VXXSD 0001 ASL00001)
[    0.000000] ACPI: FACP 0x00000000DFFF00F0 0000F4 (v04 VBOX   VBOXFACP 00000001 ASL  00000061)
[    0.000000] ACPI: DSDT 0x00000000DFFF0470 002106 (v01 VBO  BOIOS 0000INTL0152)
[  0.000] API FS x00000DF02000040
[   0000] ACP: CSx0000000DFFF0200 000040
[    0.000000] ACPI: APIC 0x00000000DFFF0240 00005C (v02 VBOX   VBOXAPIC 00000001 ASL  00000061)
[    0.000000] ACPI: SSDT 0x000000FFA0000C 01VBO  BOPU 00000 ITL 20105)[   .000] No NUMA configuration found
[    0.000000] Faking a node at [mem 0x0000000000000000-0x000000011fffffff]
[    0.000000] NODE_DATA(0) allocated [mm 11f7000-01fbff]
[   00000] vmlo: Usngsrs4b64d01ndb54d00  0.0000kv-clo: u , mr 1f3001prar cu lok[   0.00] kvmclk:singscd fset f 30419050yces
[  00000 cckurce: m-oc: mk:xffffffffffmax_cl: 0x1d44db, maid_n: 88155983ns
[  00000] neanes:
[  0.00000  DM    [mm 0x0000000100x000000fff]
[   0000]   A3  [me0x000000100-00000000ffff]  0.00000] Nrmal   [mem 0x0000000100000000-0x000000011fffffff]
[    0.000000]   Device   emty
  0.0000] vae zoe arfor chod
[   .000] Ealy memory node ranges
[    0.000000  de   0 [m 000000001000-0x0000009ff
[   0.00000] noe    [m x00000000000-x0000dffff
    0.000] nod  : em 0x000100000-000000ffff]
[  .0000] Intm sup nod0 em0x00000001000-x00011fffff
   0.000]CPI:PMTierO Por: 40
[   0000] IPI0] apiid2,vesion17, address 0xfec00000, GSI 0-23
[    0.00000] CP INT_C_R bus buir 0 lobal_irq 2 dfl dfl)
[    0000] ACI:NTRC_OVR us bs_ir 9lol_irq hh evl)[   0.0000 Ung AI AD) fo S cfiguration ifoatio
   00000] pbot: long2 CPs, hplugPU
   0.0000]M:Regited osave mor [em 0x00000x000f]
[  00000]PM Risered navmeory: me0x09f00-00ffff
  0.000] : egiserd nsa memry[m 0x0000-0000efff][   0.000]M: Rgier nosa mor: [m 00f000x0fffff
[    0.0000 PM: gierd navmemoy: [emxdf0000-0xffff]
[  00000] P Riseredose mmory [m e000000xffbffff]
[    0.000000] PM: Registered nosave memory: [mem 0xfffc0000-0xffffffff]
[    0.000000] e820: [mem 0xe0000000-0xfffbffff] available for PCI devices
[    0.000000] Booting paravirtualized kernel on KVM
[    0.000000] clocksource: refined-jiffies: mask: 0xffffffff max_cycles: 0xffffffff, max_iles:6455196002115 n
[   0.000000] setup_percpu: NR_CPUS:256 nr_cpumask_bits:256 nr_cpu_ids nnoe_ids:1
[  00000] PRC: mbedd  pges/puff8801fc00s9800r82 286810576
[  .0000] P qsinckhah blentri: 6 ordr:, 96 bes
[   0.000]uilt 1 oniss in Nod oer,moilitgrpig o  ta page: 0357
[   0.000]Poli ze:Norm
  0.00000 Kne commnd neBOOT_AG/bot/vin-44.0-34geri rootLABL=ouimg-rots  cnsole=tty1 console=ttyS0
[    0.000000] PID hash table entries: 4096 (order: 3, 32768 bytes)
[    0.000000] Memory: 4035864K/4193848K available (8394K erl de, 28 rata,39K odta, 48 it, 1292Kss15794Kesved,0Kmaeserv)    0000 SLU Hlin=6 Orr=-3,Mibjts=0 Cs=2 Ndes=1
   00000] Hrahial RCU impleenaton
[  00000]Bud-imedjtmnt ofeafaout  6.
[   0.000]	RCU retricinCPs from NR_CPU25 t nr_cpu_ids=2.
[    0.000000] R: jutinggeety f r_fnoutea64, n_c_i=2
[   0000] NIR:1640r_qs440 16[  00000] nsle: lor A+ 825[   0.00] console [t1]enled[  000000 csoe [tS0] naled[  0000000] tsc: Detected 3491.910 MHz processor
[   17.310894] Calibrating delay loop (skipped) preset value.. 6983.82 BogoMIPS (lpj=13967640)
[   17.430342] pid_max: default: 32768 minimum: 301
[   17.519061] ACPI: Core revision 20150930
[   17.584535] ACPI: 2 ACPI AML tables successfully acquired and loaded
[   17.716124] Security Framework initialized
[   17.801377] Yama: becoming mindful.
[   17.874710] AppArmor: AppArmor initialized
[   17.948585] Dentry cache hash table entries: 524288 (order: 10, 4194304 bytes)
[   18.084951] Inode-cache hash table entries: 262144 (order: 9, 2097152 bytes)
[   18.246835] Mount-cache hash table entries: 8192 (order: 4, 65536 bytes)
[   18.375722] Mountpoint-cache hash table entries: 8192 (order: 4, 65536 bytes)
[   18.512547] Initializing cgroup subsys io
[   18.575968] Initializing cgroup subsys memory
[   18.672127] Initializing cgroup subsys devices
[   18.755642] Initializing cgroup subsys freezer
[   18.756260] Initializing cgroup subsys net_cls
[   18.756902] Initializing cgroup subsys perf_event
[   18.776128] Initializing cgroup subsys net_prio
[   18.856296] Initializing cgroup subsys hugetlb
[   18.872099] Initializing cgroup subsys pids
[   18.872764] CPU: Physical Processor ID: 0
[   18.873320] CPU: Processor Core ID: 0
[   18.877616] mce: CPU supports 0 MCE banks
[   18.878190] Last level iTLB entries: 4KB 1024, 2MB 1024, 4MB 1024
[   18.915463] Last level dTLB entries: 4KB 1024, 2MB 1024, 4MB 1024, 1GB 4
[   18.917743] Freeing SMP alternatives memory: 28K (ffffffff820b4000 - ffffffff820bb000)
[   18.924984] ftrace: allocating 31994 entries in 125 pages
[   19.096578] smpboot: Max logical packages: 1
[   19.182001] smpboot: APIC(0) Converting physical 0 to logical package 0
[   19.264143] ..TIMER: vector=0x30 apic1=0 pin1=2 apic2=-1 pin2=-1
[   19.467811] smpboot: CPU0: Intel(R) Core(TM) i5-4690K CPU @ 3.50GHz (family: 0x6, model: 0x3c, stepping: 0x3)
[   19.651528] Performance Events: unsupported p6 CPU model 60 no PMU driver, software events only.
[   19.833211] KVM setup paravirtual spinlock
[   19.906973] x86: Booting SMP configuration:
[   19.983771] .... node  #0, CPUs:      #1
[   20.072984] kvm-clock: cpu 1, msr 1:1fff3041, secondary cpu clock
[   20.118170] mce: CPU supports 0 MCE banks
[   20.120561] x86: Booted up 1 node, 2 CPUs
[   20.138330] smpboot: Total of 2 processors activated (13967.64 BogoMIPS)
[   20.141748] devtmpfs: initialized
[   20.160586] evm: security.selinux
[   20.178649] evm: security.SMACK64
[   20.179184] evm: security.SMACK64EXEC
[   20.179711] evm: security.SMACK64TRANSMUTE
[   20.180351] evm: security.SMACK64MMAP
[   20.186923] evm: security.ima
[   20.251705] evm: security.capability
[   20.319779] clocksource: jiffies: mask: 0xffffffff max_cycles: 0xffffffff, max_idle_ns: 7645041785100000 ns
[   20.521714] pinctrl core: initialized pinctrl subsystem
[   20.562722] RTC time:  1:34:48, date: 08/20/16
[   20.584593] NET: Registered protocol family 16
[   20.596610] cpuidle: using governor ladder
[   20.641170] cpuidle: using governor menu
[   20.703847] PCCT header not found.
[   20.763522] ACPI: bus type PCI registered
[   20.817220] acpiphp: ACPI Hot Plug PCI Controller Driver version: 0.5
[   20.945291] PCI: Using configuration type 1 for base access
[   21.041333] ACPI: Added _OSI(Module Device)
[   21.085218] ACPI: Added _OSI(Processor Device)
[   21.168901] ACPI: Added _OSI(3.0 _SCP Extensions)
[   21.260256] ACPI: Added _OSI(Processor Aggregator Device)
[   21.346228] ACPI: Executed 1 blocks of module-level executable AML code
[   21.360440] ACPI: Interpreter enabled
[   21.372234] ACPI Exception: AE_NOT_FOUND, While evaluating Sleep State [\_S1_] (20150930/hwxface-580)
[   21.404173] ACPI Exception: AE_NOT_FOUND, While evaluating Sleep State [\_S2_] (20150930/hwxface-580)
[   21.537721] ACPI Exception: AE_NOT_FOUND, While evaluating Sleep State [\_S3_] (20150930/hwxface-580)
[   21.679326] ACPI Exception: AE_NOT_FOUND, While evaluating Sleep State [\_S4_] (20150930/hwxface-580)
[   21.845257] ACPI: (supports S0 S5)
[   21.906292] ACPI: Using IOAPIC for interrupt routing
[   21.999698] PCI: Using host bridge windows from ACPI; if necessary, use "pci=nocrs" and report a bug
[   22.168056] ACPI: PCI Root Bridge [PCI0] (domain 0000 [bus 00-ff])
[   22.259636] acpi PNP0A03:00: _OSC: OS supports [ASPM ClockPM Segments MSI]
[   22.379183] acpi PNP0A03:00: _OSC failed (AE_NOT_FOUND); disabling ASPM
[   22.496194] acpi PNP0A03:00: fail to add MMCONFIG information, can't access extended PCI configuration space under this bridge.
[   22.688311] PCI host bridge to bus 0000:00
[   22.759034] pci_bus 0000:00: root bus resource [io  0x0000-0x0cf7 window]
[   22.820219] pci_bus 0000:00: root bus resource [io  0x0d00-0xffff window]
[   22.927002] pci_bus 0000:00: root bus resource [mem 0x000a0000-0x000bffff window]
[   23.084537] pci_bus 0000:00: root bus resource [mem 0xe0000000-0xffdfffff window]
[   23.146837] pci_bus 0000:00: root bus resource [bus 00-ff]
[   23.267203] pci 0000:00:01.1: legacy IDE quirk: reg 0x10: [io  0x01f0-0x01f7]
[   23.394132] pci 0000:00:01.1: legacy IDE quirk: reg 0x14: [io  0x03f6]
[   23.503698] pci 0000:00:01.1: legacy IDE quirk: reg 0x18: [io  0x0170-0x0177]
[   23.650304] pci 0000:00:01.1: legacy IDE quirk: reg 0x1c: [io  0x0376]
[   23.814668] ACPI: PCI Interrupt Link [LNKA] (IRQs 5 9 10 11) *0, disabled.
[   23.950278] ACPI: PCI Interrupt Link [LNKB] (IRQs 5 9 10 *11)
[   24.054804] ACPI: PCI Interrupt Link [LNKC] (IRQs 5 9 *10 11)
[   24.055857] ACPI: PCI Interrupt Link [LNKD] (IRQs 5 *9 10 11)
[   24.056962] ACPI: Enabled 2 GPEs in block 00 to 07
[   24.063854] vgaarb: setting as boot device: PCI:0000:00:02.0
[   24.064596] vgaarb: device added: PCI:0000:00:02.0,decodes=io+mem,owns=io+mem,locks=none
[   24.067677] vgaarb: loaded
[   24.068153] vgaarb: bridge control possible 0000:00:02.0
[   24.069036] SCSI subsystem initialized
[   24.069753] ACPI: bus type USB registered
[   24.102894] usbcore: registered new interface driver usbfs
[   24.103659] usbcore: registered new interface driver hub
[   24.104411] usbcore: registered new device driver usb
[   24.105497] PCI: Using ACPI for IRQ routing
[   24.106310] NetLabel: Initializing
[   24.106813] NetLabel:  domain hash size = 128
[   24.127954] NetLabel:  protocols = UNLABELED CIPSOv4
[   24.128658] NetLabel:  unlabeled traffic allowed by default
[   24.129626] clocksource: Switched to clocksource kvm-clock
[   24.134884 AArr:ppmoFisyemnaed
  4.720] p:PnACI it[ 24854]npPn ACPI fnd3 vice
[   25.297499] clocksource: acpi_pm: mask: 0xffffff max_cycles: 0xffffff, max_idle_ns: 2085701024 ns
[   25.334381] NET: Registered protocol family 2
[   25.399951] TCP established hash table entries: 32768 (order: 6, 262144 bytes)
[   25.408596] TCP bind hash table entries: 32768 (order: 7, 524288 bytes)
[   25.409456] TCP: Hash tables configured (established 32768 bind 32768)
[   25.490037] UDP hash table entries: 2048 (order: 4, 65536 bytes)
[   25.591140] UDP-Lite hash table entries: 2048 (order: 4, 65536 bytes)
[   25.703851] NET: Registered protocol family 1
[   25.783992] pci 0000:00:00.0: Limiting direct PCI/PCI transfers
[   25.888591] pci 0000:00:01.0: Activating ISA DMA hang workarounds
[   25.999804] Trying to unpack rootfs image as initramfs...
[   27.009600] Freeing initrd memory: 7288K (ffff8800371b4000 - ffff8800378d2000)
[   27.126253] PCI-DMA: Using software bounce buffering for IO (SWIOTLB)
[   27.190402] software IO TLB [mem 0xdbff0000-0xdfff0000] (64MB) mapped at [ffff8800dbff0000-ffff8800dffeffff]
[   27.360737] RAPL PMU detected, API unit is 2^-32 Joules, 4 fixed counters 10737418240 ms ovfl timer
[   27.512107] hw unit of domain pp0-core 2^-0 Joules
[   27.522564] hw unit of domain package 2^-0 Joules
[   27.606929] hw unit of domain dram 2^-0 Joules
[   27.624833] hw unit of domain pp1-gpu 2^-0 Joules
[   27.625504] platform rtc_cmos: registered platform RTC device (no PNP device found)
[   27.636073] Scanning for low memory corruption every 60 seconds
[   27.637236] futex hash table entries: 512 (order: 3, 32768 bytes)
[   27.737561] audit: initializing netlink subsys (disabled)
[   27.804272] audit: type=2000 audit(1471667176.534:1): initialized
[   27.805346] Initialise system trusted keyring
[   27.813266] HugeTLB registered 2 MB page size, pre-allocated 0 pages
[   27.908880] zbud: loaded
[   27.930077] VFS: Disk quotas dquot_6.6.0
[   27.964028] VFS: Dquot-cache hash table entries: 512 (order 0, 4096 bytes)
[   27.965024] squashfs: version 4.0 (2009/01/31) Phillip Lougher
[   27.966079] fuse init (API version 7.23)
[   28.020215] Key type big_key registered
[   28.044897] Allocating IMA MOK and blacklist keyrings.
[   28.077854] Key type asymmetric registered
[   28.152503] Asymmetric key parser 'x509' registered
[   28.168465] Block layer SCSI generic (bsg) driver version 0.4 loaded (major 249)
[   28.253951] io scheduler noop registered
[   28.310573] io scheduler deadline registered (default)
[   28.399297] io scheduler cfq registered
[   28.453890] pci_hotplug: PCI Hot Plug PCI Core version: 0.5
[   28.461853] pciehp: PCI Express Hot Plug Controller Driver version: 0.4
[   28.462795] ACPI: AC Adapter [AC] (on-line)
[   28.463408] input: Power Button as /devices/LNXSYSTM:00/LNXPWRBN:00/input/input0
[   28.464469] ACPI: Power Button [PWRF]
[   28.465078] input: Sleep Button as /devices/LNXSYSTM:00/LNXSLPBN:00/input/input1
[   28.526925] ACPI: Sleep Button [SLPF]
[   28.581506] GHES: HEST is not enabled!
[   28.591309] Serial: 8250/16550 driver, 32 ports, IRQ sharing enabled
[   28.634562] 00:02: ttyS0 at I/O 0x3f8 (irq = 4, base_baud = 115200) is a 16550A
[   28.723686] tsc: Refined TSC clocksource calibration: 3491.459 MHz
[   28.829131] clocksource: tsc: mask: 0xffffffffffffffff max_cycles: 0x3253cd16bd8, max_idle_ns: 440795343267 ns
[   28.829976] Linux agpgart interface v0.103
[   28.975306] brd: module loaded
[   28.981152] loop: module loadd
[   .067] scsiho0:atpi
[   9.21] sios: taii

[   296651at: TAmaUD/33 cmd 0x1f0 ctl 0x3f6 bmdma 0xd000 irq 14
[   29.971019] ata2: PATA max UDMA/33 cmd 0x170 ctl 0x376 bmdma 0xd008 irq 15
[   29.971989] libphy: Fixed MDIO Bus: probed
[   30.002082] tun: Universal TUN/TAP device driver, 1.6
[   30.009987] tun: (C) 1999-2004 Max Krasnyansky <maxk@qualcomm.com>
[   30.010871] PPP generic driver version 2.4.2
[   30.011543] ehci_hcd: USB 2.0 'Enhanced' Host Controller (EHCI) Driver
[   30.012340] ehci-pci: EHCI PCI platform driver
[   30.024628] ehci-platform: EHCI generic platform driver
[   30.051235] ohci_hcd: USB 1.1 'Open' Host Controller (OHCI) Driver
[   30.054015] ohci-pci: OHCI PCI platform driver
[   30.057277] ohci-platform: OHCI generic platform driver
[   30.058013] uhci_hcd: USB Universal Host Controller Interface driver
[   30.058871] i8042: PNP: PS/2 Controller [PNP0303:PS2K,PNP0f03:PS2M] at 0x60,0x64 irq 1,12
[  3.060395] serio:i8042 KBD port at 0x60,0x64 irq 1

[   30.181744] serio: i8042 AUX port at 0x60,0x64 iq 2
[   .25104] usevPS mseeve mm f a mie
[   38384inpu ATrslte Set 2 kbords evies//platform/i8042/serio0/input/input2
[   31.318861] rtc_cmos rtc_cmos: rtc core: registered rtc_cmos as rtc0
[   31.318907] rtc_cmos rtc_cmos: alarms up to one day, 114 bytes nvram
[   31.318911] i2c /dev entries driver
[   31.318949] device-mapper: uevent: version 1.0.3
[   31.318998] device-mapper: ioctl: 4.34.0-ioctl (2015-10-28) initialised: dm-devel@redhat.com
[   31.319011] ledtrig-cpu: registered to indicate activity on CPUs
[   31.319189] NET: Registered protocol family 10
[   31.319277] NET: Registered protocol family 17
[   31.319286] Key type dns_resolver registered
[   31.332039] microcode: CPU0 sig=0x306c3, pf=0x40, revision=0x0
[   31.332049] microcode: CPU1 sig=0x306c3, pf=0x40, revision=0x0
[   31.332074] microcode: Microcode Update Driver: v2.01 <tigran@aivazian.fsnet.co.uk>, Peter Oruba
[   31.332154] registered taskstats version 1
[   31.332169] Loading compiled-in X.509 certificates
[   31.332699] Loaded X.509 cert 'Build time autogenerated kernel key: c40ffa48d8617ce4553ee3ab59017c95e74f2501'
[   31.332712] zswap: loaded using pool lzo/zbud
[   31.333623] Key type trusted registered
[   31.335072] Key type encrypted registered
[   31.335075] AppArmor: AppArmor sha1 policy hashing enabled
[   31.335078] ima: No TPM chip found, activating TPM-bypass!
[   31.335090] evm: HMAC attrs: 0x1
[   31.335278]   Magic number: 12:646:559
[   31.335289] tty ttyS31: hash matches
[   31.347504] rtc_cmos rtc_cmos: setting system clock to 2016-08-20 01:34:59 UTC (1471656899)
[   31.347573] BIOS EDD facility v0.16 2004-Jun-25, 0 devices found
[   31.347573] EDD information not available.
[   32.929869] Freeing unused kernel memory: 1480K (ffffffff81f42000 - ffffffff820b4000)
[   33.078082] Write protecting the kernel read-only data: 14336k
[   33.173449] Freeing unused kernel memory: 1832K (ffff880001836000 - ffff880001a00000)
[   33.311563] Freeing unused kernel memory: 152K (ffff880001dda000 - ffff880001e00000)
Loading, please wait...
starting version[   33.324702] random: systemd-udevd urandom read with 3 bits of entropy available
 229
[   33.471195] e1000: Intel(R) PRO/1000 Network Driver - version 7.3.21-k8-NAPI
[   33.578050] e1000: Copyright (c) 1999-2006 Intel Corporation.
[   33.613831] Fusion MPT base driver 3.04.20
[   33.631658] Copyright (c) 1999-2008 LSI Corporation
[   33.638055] Fusion MPT SPI Host driver 3.04.20
[   33.699293] AVX version of gcm_enc/dec engaged.
[   33.724551] AES CTR mode by8 optimization enabled
[   33.900476] input: ImExPS/2 Generic Explorer Mouse as /devices/platform/i8042/serio1/input/input4
[   33.990449] e1000 0000:00:03.0 eth0: (PCI:33MHz:32-bit) 02:af:4b:8e:d4:f5
[   34.667624] e1000 0000:00:03.0 eth0: Intel(R) PRO/1000 Network Connection
[   34.718506] mptbase: ioc0: Initiating bringup
[   34.796166] e1000 0000:00:03.0 enp0s3: renamed from eth0
[   34.943645] ioc0: LSI53C1030 A0: Capabilities={Initiator}
[   36.145203] scsi host2: ioc0: LSI53C1030 A0, FwRev=00000000h, Ports=1, MaxQ=256, IRQ=20
[   36.657771] floppy0: no floppy controllers found
[   36.793724] scsi 2:0:0:0: Direct-Access     VBOX     HARDDISK         1.0  PQ: 0 ANSI: 5
[   36.827100] scsi target2:0:0: Beginning Domain Validation
[   36.917566] scsi target2:0:0: Domain Validation skipping write tests
[   36.919984] scsi target2:0:0: Ending Domain Validation
[   36.920831] scsi target2:0:0: asynchronous
[   36.922734] scsi 2:0:1:0: Direct-Access     VBOX     HARDDISK         1.0  PQ: 0 ANSI: 5
[   37.074800] scsi target2:0:1: Beginning Domain Validation
[   37.171479] scsi target2:0:1: Domain Validation skipping write tests
[   37.173954] scsi target2:0:1: Ending Domain Validation
[   37.211000] scsi target2:0:1: asynchronous
[   37.302355] sd 2:0:0:0: [sda] 20971520 512-byte logical blocks: (10.7 GB/10.0 GiB)
[   37.302463] sd 2:0:0:0: Attached scsi generic sg0 type 0
[   37.302804] sd 2:0:1:0: Attached scsi generic sg1 type 0
[   37.593770] sd 2:0:1:0: [sdb] 20480 512-byte logical blocks: (10.5 MB/10.0 MiB)
[   37.718081] sd 2:0:0:0: [sda] Write Protect is off
[   37.806178] sd 2:0:1:0: [sdb] Write Protect is off
[   37.892811] sd 2:0:0:0: [sda] Incomplete mode parameter data
[   38.008848] sd 2:0:0:0: [sda] Assuming drive cache: write through
[   38.110666] sd 2:0:1:0: [sdb] Incomplete mode parameter data
[   38.182612] sd 2:0:1:0: [sdb] Assuming drive cache: write through
[   38.191849]  sda: sda1
[   38.205872] sd 2:0:0:0: [sda] Attached SCSI disk
[   38.292889] sd 2:0:1:0: [sdb] Attached SCSI disk
Begin: Loading e[   39.636364] md: linear personality registered for level -1
ssential drivers[   39.753113] md: multipath personality registered for level -4
 ... [   39.885357] md: raid0 personality registered for level 0
[   40.001032] md: raid1 personality registered for level 1
[   40.193651] raid6: sse2x1   gen() 11586 MB/s
[   40.321641] raid6: sse2x1   xor()  8699 MB/s
[   40.434029] raid6: sse2x2   gen() 14676 MB/s
[   40.589800] raid6: sse2x2   xor()  9399 MB/s
[   40.685995] raid6: sse2x4   gen() 16489 MB/s
[   40.813648] raid6: sse2x4   xor() 11233 MB/s
[   40.856435] raid6: using algorithm sse2x4 gen() 16489 MB/s
[   40.863438] raid6: .... xor() 11233 MB/s, rmw enabled
[   40.895367] raid6: using ssse3x2 recovery algorithm
[   40.990501] xor: automatically using best checksumming function:
[   41.170417]    avx       : 27375.000 MB/sec
[   41.259290] async_tx: api initialized (async)
[   41.331356] md: raid6 personality registered for level 6
[   41.389700] md: raid5 personality registered for level 5
[   41.390444] md: raid4 personality registered for level 4
[   41.505589] md: raid10 personality registered for level 10
done.
Begin: Running /scripts/init-p[   41.628947] Btrfs loaded
remount ... done.
Begin: Mounting root file system ... Begin: Running /scripts/[   41.699878] EXT4-fs (sda1): mounted filesystem with ordered data mode. Opts: (null)
local-top ... done.
Begin: Running /scripts/local-premount ... Scanning for Btrfs filesystems
done.
Warning: fsck not present, so skipping root file system
done.
Begin: Running /scripts/local-bottom ... done.
Begin: Running /scripts/init-bottom ... Warning: overlayroot: debug is busted
done.
[   41.775203] systemd[1]: systemd 229 running in system mode. (+PAM +AUDIT +SELINUX +IMA +APPARMOR +SMACK +SYSVINIT +UTMP +LIBCRYPTSETUP +GCRYPT +GNUTLS +ACL +XZ -LZ4 +SECCOMP +BLKID +ELFUTILS +KMOD -IDN)
[   42.108904] systemd[1]: Detected virtualization oracle.
[   42.203435] systemd[1]: Detected architecture x86-64.

Welcome to [1mUbuntu 16.04.1 LTS[0m!

[   42.314701] systemd[1]: Set hostname to <ubuntu-xenial>.
[   42.484490] systemd[1]: Listening on Journal Audit Socket.
[[0;32m  OK  [0m] Listening on Journal Audit Socket.
[   42.626090] systemd[1]: Listening on /dev/initctl Compatibility Named Pipe.
[[0;32m  OK  [0m] Listening on /dev/initctl Compatibility Named Pipe.
[   42.798274] systemd[1]: Listening on udev Kernel Socket.
[[0;32m  OK  [0m] Listening on udev Kernel Socket.
[   42.938632] systemd[1]: Reached target User and Group Name Lookups.
[[0;32m  OK  [0m] Reached target User and Group Name Lookups.
[   43.138136] systemd[1]: Listening on LVM2 metadata daemon socket.
[[0;32m  OK  [0m] Listening on LVM2 metadata daemon socket.
[   43.302333] systemd[1]: Listening on udev Control Socket.
[[0;32m  OK  [0m] Listening on udev Control Socket.
[   43.442349] systemd[1]: Listening on Device-mapper event daemon FIFOs.
[[0;32m  OK  [0m] Listening on Device-mapper event daemon FIFOs.
[   43.642670] systemd[1]: Listening on Journal Socket (/dev/log).
[[0;32m  OK  [0m] Listening on Journal Socket (/dev/log).
[   43.818188] systemd[1]: Listening on Journal Socket.
[[0;32m  OK  [0m] Listening on Journal Socket.
[   43.957863] systemd[1]: Started Forward Password Requests to Wall Directory Watch.
[[0;32m  OK  [0m] Started Forward Password Requests to Wall Directory Watch.
[   44.102328] systemd[1]: Reached target Swap.
[[0;32m  OK  [0m] Reached target Swap.
[   44.222041] systemd[1]: Reached target Encrypted Volumes.
[[0;32m  OK  [0m] Reached target Encrypted Volumes.
[   44.382640] systemd[1]: Listening on LVM2 poll daemon socket.
[[0;32m  OK  [0m] Listening on LVM2 poll daemon socket.
[   44.534162] systemd[1]: Created slice User and Session Slice.
[[0;32m  OK  [0m] Created slice User and Session Slice.
[   44.602699] systemd[1]: Listening on Syslog Socket.
[[0;32m  OK  [0m] Listening on Syslog Socket.
[   44.617834] systemd[1]: Set up automount Arbitrary Executable File Formats File System Automount Point.
[[0;32m  OK  [0m] Set up automount Arbitrary Executab...ats File System Automount Point.
[   44.871032] systemd[1]: Created slice System Slice.
[[0;32m  OK  [0m] Created slice System Slice.
[   45.002202] systemd[1]: Mounting POSIX Message Queue File System...
         Mounting POSIX Message Queue File System...
[   45.130906] systemd[1]: Starting Set console keymap...
         Starting Set console keymap...
[   45.134363] systemd[1]: Mounting Huge Pages File System...
         Mounting Huge Pages File System...
[   45.266418] systemd[1]: Starting Monitoring of LVM2 mirrors, snapshots etc. using dmeventd or progress polling...
         Starting Monitoring of LVM2 mirrors... dmeventd or progress polling...
[   45.450171] systemd[1]: Mounting Debug File System...
         Mounting Debug File System...
[   45.557766] systemd[1]: Starting Load Kernel Modules...
         Startin[   45.628245] Loading iSCSI transport class v2.0-870.
g Load Kernel Modules...
[   45.682461] systemd[1]: Starting Remount Root and Kernel File Systems...
         Startin[   45.763322] EXT4-fs (sda1): re-mounted. Opts: (null)
g Remount Root and Kernel File Systems...
[   45.838900] systemd[1]: Created slice system-serial\x2dgetty.slice.
[[0;32m  OK  [[   45.860632] iscsi: registered transport (tcp)
0m] Created slice system-serial\x2dgetty.slice.[   45.928871] iscsi: registered transport (iser)

[   46.038180] systemd[1]: Reached target Slices.
[[0;32m  OK  [0m] Reached target Slices.
[   46.157988] systemd[1]: Starting Create list of required static device nodes for the current kernel...
[   46.158608] random: nonblocking pool is initialized
         Starting Create list of required st... nodes for the current kernel...
[   46.358262] systemd[1]: Created slice system-postgresql.slice.
[[0;32m  OK  [0m] Created slice system-postgresql.slice.
[   46.442425] systemd[1]: Starting Nameserver information manager...
         Starting Nameserver information manager...
[   46.606389] systemd[1]: Starting Journal Service...
         Starting Journal Service...
[   46.758046] systemd[1]: Starting Uncomplicated firewall...
         Starting Uncomplicated firewall...
[   46.934256] systemd[1]: Mounted POSIX Message Queue File System.
[[0;32m  OK  [0m] Mounted POSIX Message Queue File System.
[   47.025354] systemd[1]: Mounted Debug File System.
[[0;32m  OK  [0m] Mounted Debug File System.
[   47.034004] systemd[1]: Mounted Huge Pages File System.
[[0;32m  OK  [0m] Mounted Huge Pages File System.
[   47.035481] systemd[1]: Started Journal Service.
[[0;32m  OK  [0m] Started Journal Service.
[[0;32m  OK  [0m] Started Set console keymap.
[[0;32m  OK  [0m] Started Load Kernel Modules.
[[0;32m  OK  [0m] Started Remount Root and Kernel File Systems.
[[0;32m  OK  [0m] Started Create list of required sta...ce nodes for the current kernel.
[[0;32m  OK  [0m] Started Uncomplicated firewall.
[[0;32m  OK  [0m] Started Nameserver information manager.
[[0;32m  OK  [0m] Started LVM2 metadata daemon.
         Starting Create Static Device Nodes in /dev...
         Starting Load/Save Random Seed...
         Starting udev Coldplug all Devices...
         Mounting FUSE Control File System...
         Starting Apply Kernel Variables...
         Starting Flush Journal to Persistent Storage...
[[0;32m  OK  [0m] Mounted FUSE Control File System.
[[0;32m  OK  [0m] Started Monitoring of LVM2 mirrors,...ng dmeventd or progress polling.
[[0;32m  OK  [0m] Started Create Static Device Nodes in /dev.
[[0;32m  OK  [0m] Started Load/Save Random Seed.
[[0;32m  OK  [0m] Started Apply Kernel Variables.
[[0;32m  OK  [0m] Started udev Coldplug all Devices.
[[0;32m  OK  [0m] Started Flush Journal to Persistent Storage.
         Starting udev Kernel Device Manager...
[[0;32m  OK  [0m] Started udev Kernel Device Manager.
[[0;32m  OK  [0m] Started Dispatch Password Requests to Console Directory Watch.
[[0;32m  OK  [0m] Reached target Local File Systems (Pre).
[[0;32m  OK  [0m] Reached target Local File Systems.
         Starting Create Volatile Files and Directories...
         Starting Tell Plymouth To Write Out Runtime Data...
         Starting Set console font and keymap...
         Starting Initial cloud-init job (pre-networking)...
         Starting LSB: AppArmor initialization...
[[0;32m  OK  [0m] Started Create Volatile Files and Directories.
[[0;32m  OK  [0m] Started Tell Plymouth To Write Out Runtime Data.
[[0;32m  OK  [0m] Started Set console font and keymap.
[[0;32m  OK  [0m] Found device /dev/ttyS0.
[[0;32m  OK  [0m] Listening on Load/Save RF Kill Switch Status /dev/rfkill Watch.
[[0;32m  OK  [0m] Created slice system-getty.slice.
         Starting Network Time Synchronization...
         Starting Update UTMP about System Boot/Shutdown...
[[0;32m  OK  [0m] Started Network Time Synchronization.
[[0;32m  OK  [0m] Started LSB: AppArmor initialization.
[[0;32m  OK  [0m] Reached target System Time Synchronized.
[[0;32m  OK  [0m] Started Update UTMP about System Boot/Shutdown.
[   25.926055] cloud-init[1786]: Cloud-init v. 0.7.7 running 'init-local' at Sat, 20 Aug 2016 01:35:17 +0000. Up 25.70 seconds.
[[0;32m  OK  [0m] Started Initial cloud-init job (pre-networking).
[[0;32m  OK  [0m] Reached target Network (Pre).
         Starting Raise network interfaces...
[[0;32m  OK  [0m] Started ifup for enp0s3.
[[0;32m  OK  [0m] Reached target System Initialization.
         Starting Socket activation for snappy daemon.
[[0;32m  OK  [0m] Listening on ACPID Listen Socket.
         Starting LXD - unix socket.
[[0;32m  OK  [0m] Started Daily apt activities.
[[0;32m  OK  [0m] Started Trigger resolvconf update for networkd DNS.
[[0;32m  OK  [0m] Listening on D-Bus System Message Bus Socket.
[[0;32m  OK  [0m] Started Timer to automatically refresh installed snaps.
[[0;32m  OK  [0m] Started Daily Cleanup of Temporary Directories.
[[0;32m  OK  [0m] Reached target Timers.
[[0;32m  OK  [0m] Listening on UUID daemon activation socket.
[[0;32m  OK  [0m] Started ACPI Events Check.
[[0;32m  OK  [0m] Reached target Paths.
[[0;32m  OK  [0m] Listening on Socket activation for snappy daemon.
[[0;32m  OK  [0m] Listening on LXD - unix socket.
[[0;32m  OK  [0m] Reached target Sockets.
[[0;32m  OK  [0m] Reached target Basic System.
         Starting Login Service...
[[0;32m  OK  [0m] Started FUSE filesystem for LXC.
[[0;32m  OK  [0m] Started Deferred execution scheduler.
[[0;32m  OK  [0m] Started ACPI event daemon.
         Starting LSB: Record successful boot for GRUB...
         Starting Accounts Service...
[[0;32m  OK  [0m] Started D-Bus System Message Bus.
         Starting LSB: MD monitoring daemon...
[[0;32m  OK  [0m] Started Regular background program processing daemon.
         Starting System Logging Service...
         Starting PostgreSQL Cluster 9.4-main...
         Starting LXD - container startup/shutdown...
[[0;32m  OK  [0m] Started Snappy daemon.
[[0;32m  OK  [0m] Started System Logging Service.
[[0;32m  OK  [0m] Started LXD - container startup/shutdown.
[[0;32m  OK  [0m] Started LSB: Record successful boot for GRUB.
[[0;32m  OK  [0m] Started LSB: MD monitoring daemon.
[[0;32m  OK  [0m] Started Login Service.
         Starting Authenticate and Authorize Users to Run Privileged Tasks...
[[0;32m  OK  [0m] Started Authenticate and Authorize Users to Run Privileged Tasks.
[[0;32m  OK  [0m] Started Accounts Service.
[[0;32m  OK  [0m] Started Raise network interfaces.
[[0;32m  OK  [0m] Reached target Network.
         Starting Initial cloud-init job (metadata service crawler)...
[   28.991593] cloud-init[2162]: Cloud-init v. 0.7.7 running 'init' at Sat, 20 Aug 2016 01:35:20 +0000. Up 28.81 seconds.
[[0;32m  OK  [0m] Started Initial cloud-init job (metadata service crawler).
[[0;32m  OK  [0m[   29.134798] ] cloud-initReached target Network is Online.[2162]: 
ci-info: +++++++++++++++++++++++++++++++++++++Net device info++++++++++++++++++++++++++++++++++++++
[   29.368954]          cloud-initStarting OpenBSD Secure Shell server...[2162]: 
ci-info: +--------+------+----------------------------+---------------+-------+-------------------+
[   29.584807] cloud-init[2162]: ci-info: | Device |  Up  |          Address           |      Mask     | Scope |     Hw-Address    |
         Starting iSCSI initiator daemon (iscsid)...
[   29.733113] cloud-init[2162]: ci-info: +--------+------+----------------------------+---------------+-------+-------------------+
[   29.944461]          cloud-initStarting /etc/rc.local Compatibility...[2162]: 
ci-info: |   lo   | True |         127.0.0.1          |   255.0.0.0   |   .   |         .         |
[   30.160480] [cloud-init[0;32m  OK  [0m[2162]: ] ci-info: |   lo   | True |          ::1/128           |       .       |  host |         .         |Reached target Cloud-config availability.

[   30.160816] cloud-init[2162]: ci-info: | enp0s3 | True |         10.0.2.15          | 255.255.255.0 |   .   | 02:af:4b:8e:d4:f5 |
[   30.476656]          cloud-initStarting Apply the settings specified in cloud-config...[2162]: 
ci-info: | enp0s3 | True | fe80::af:4bff:fe8e:d4f5/64 |       .       |  link | 02:af:4b:8e:d4:f5 |
[   30.628524] [cloud-init[0;32m  OK  [0m[2162]: ] ci-info: +--------+------+----------------------------+---------------+-------+-------------------+Started OpenBSD Secure Shell server.

[   30.629024] [cloud-init[0;32m  OK  [0m[2162]: ] ci-info: +++++++++++++++++++++++++++Route IPv4 info++++++++++++++++++++++++++++Started PostgreSQL Cluster 9.4-main.

[   30.905013] [cloud-init[0;32m  OK  [0m[2162]: ] ci-info: +-------+-------------+----------+---------------+-----------+-------+Started /etc/rc.local Compatibility.

[   30.905342] [cloud-init[0;32m  OK  [0m[2162]: ] ci-info: | Route | Destination | Gateway  |    Genmask    | Interface | Flags |Started Apply the settings specified in cloud-config.

[   31.300966] [cloud-init[0;32m  OK  [0m[2162]: ] ci-info: +-------+-------------+----------+---------------+-----------+-------+Started iSCSI initiator daemon (iscsid).

[   31.313401] cloud-init[2162]: ci-info: |   0   |   0.0.0.0   | 10.0.2.2 |    0.0.0.0    |   enp0s3  |   UG  |
         Starting Login to default iSCSI targets...
[   31.342327] cloud-init[2162]: ci-info: |   1   |   10.0.2.0  | 0.0.0.0  | 255.255.255.0 |   enp0s3  |   U   |
[   31.584257]          cloud-initStarting Execute cloud user/final scripts...[2162]: 
ci-info: +-------+-------------+----------+---------------+-----------+-------+
         Starting PostgreSQL RDBMS...
[   31.601640] cloud-init[2222]: Cloud-init v. 0.7.7 running 'modules:config' at Sat, 20 Aug 2016 01:35:22 +0000. Up 30.57 seconds.
[[0;32m  OK  [0m] Started PostgreSQL RDBMS.
[[0;32m  OK  [0m] Started Login to default iSCSI targets.
[[0;32m  OK  [0m] Reached target Remote File Systems (Pre).
[[0;32m  OK  [0m] Reached target Remote File Systems.
         Starting LSB: Set the CPU Frequency Scaling governor to "ondemand"...
[   31.710631] cloud-init[2240]: Cloud-init v. 0.7.7 running 'modules:final' at Sat, 20 Aug 2016 01:35:23 +0000. Up 31.64 seconds.
[   31.904424]          cloud-initStarting LSB: Start/stop sysstat's sadc...[2240]: 
Cloud-init v. 0.7.7 finished at Sat, 20 Aug 2016 01:35:23 +0000. Datasource DataSourceNoCloud [seed=/dev/sdb][dsmode=net].  Up 31.70 seconds
         Starting LSB: automatic crash report generation...
         Starting LSB: daemon to balance interrupts for SMP systems...
         Starting Permit User Sessions...
[[0;32m  OK  [0m] Started Execute cloud user/final scripts.
[[0;32m  OK  [0m] Started Permit User Sessions.
[[0;32m  OK  [0m] Started LSB: Set the CPU Frequency Scaling governor to "ondemand".
[[0;32m  OK  [0m] Started LSB: Start/stop sysstat's sadc.
[[0;32m  OK  [0m] Started LSB: automatic crash report generation.
         Starting Terminate Plymouth Boot Screen...
         Starting Hold until boot process finishes up...
[[0;32m  OK  [0m] Reached target Cloud-init target.
[[0;32m  OK  [0m] Started LSB: daemon to balance interrupts for SMP systems.
[[0;32m  OK  [0m] Started Terminate Plymouth Boot Screen.
[[0;32m  OK  [0m] Started Hold until boot process finishes up.
[[0;32m  OK  [0m] Started Serial Getty on ttyS0.
[[0;32m  OK  [0m] Started Getty on tty1.
[[0;32m  OK  [0m] Reached target Login Prompts.
         Starting Set console scheme...
[[0;32m  OK  [0m] Reached target Multi-User System.
[[0;32m  OK  [0m] Reached target Graphical Interface.
         Starting Update UTMP about System Runlevel Changes...
[[0;32m  OK  [0m] Started Set console scheme.
[[0;32m  OK  [0m] Started Update UTMP about System Runlevel Changes.

Ubuntu 16.04.1 LTS ubuntu-xenial ttyS0

ubuntu-xenial login: 